This is pdfTeX, Version 3.14159265-2.6-1.40.16 (TeX Live 2015) (preloaded format=pdflatex 2015.11.16)  8 SEP 2017 15:35
entering extended mode
 restricted \write18 enabled.
 %&-line parsing enabled.
**main.tex
(./main.tex
LaTeX2e <2015/01/01>
Babel <3.9l> and hyphenation patterns for 79 languages loaded.
(/usr/local/texlive/2015/texmf-dist/tex/latex/tufte-latex/tufte-book.cls
Document Class: tufte-book 2009/12/11 v3.5.0 Tufte-book class
(/usr/local/texlive/2015/texmf-dist/tex/latex/tufte-latex/tufte-common.def
File: tufte-common.def 2009/12/11 v3.5.0 Common code for the Tufte-LaTeX styles


(/usr/local/texlive/2015/texmf-dist/tex/latex/xkeyval/xkeyval.sty
Package: xkeyval 2014/12/03 v2.7a package option processing (HA)

(/usr/local/texlive/2015/texmf-dist/tex/generic/xkeyval/xkeyval.tex
(/usr/local/texlive/2015/texmf-dist/tex/generic/xkeyval/xkvutils.tex
\XKV@toks=\toks14
\XKV@tempa@toks=\toks15

(/usr/local/texlive/2015/texmf-dist/tex/generic/xkeyval/keyval.tex))
\XKV@depth=\count79
File: xkeyval.tex 2014/12/03 v2.7a key=value parser (HA)
))
(/usr/local/texlive/2015/texmf-dist/tex/latex/xifthen/xifthen.sty
Package: xifthen 2009/04/17 v1.3 Extended ifthen features

(/usr/local/texlive/2015/texmf-dist/tex/latex/etex-pkg/etex.sty
Package: etex 2015/03/02 v2.1 eTeX basic definition package (PEB,DPC)
\et@xins=\count80
)
(/usr/local/texlive/2015/texmf-dist/tex/latex/tools/calc.sty
Package: calc 2014/10/28 v4.3 Infix arithmetic (KKT,FJ)
\calc@Acount=\count81
\calc@Bcount=\count82
\calc@Adimen=\dimen102
\calc@Bdimen=\dimen103
\calc@Askip=\skip41
\calc@Bskip=\skip42
LaTeX Info: Redefining \setlength on input line 80.
LaTeX Info: Redefining \addtolength on input line 81.
\calc@Ccount=\count83
\calc@Cskip=\skip43
)
(/usr/local/texlive/2015/texmf-dist/tex/latex/base/ifthen.sty
Package: ifthen 2014/09/29 v1.1c Standard LaTeX ifthen package (DPC)
)
(/usr/local/texlive/2015/texmf-dist/tex/latex/ifmtarg/ifmtarg.sty
Package: ifmtarg 2009/09/02 v1.2a check for an empty argument
))
Class tufte-book Info: Loading the base class `book'.

(/usr/local/texlive/2015/texmf-dist/tex/latex/base/book.cls
Document Class: book 2014/09/29 v1.4h Standard LaTeX document class
(/usr/local/texlive/2015/texmf-dist/tex/latex/base/bk10.clo
File: bk10.clo 2014/09/29 v1.4h Standard LaTeX file (size option)
)
\c@part=\count84
\c@chapter=\count85
\c@section=\count86
\c@subsection=\count87
\c@subsubsection=\count88
\c@paragraph=\count89
\c@subparagraph=\count90
\c@figure=\count91
\c@table=\count92
\abovecaptionskip=\skip44
\belowcaptionskip=\skip45
\bibindent=\dimen104
)
(/usr/local/texlive/2015/texmf-dist/tex/generic/oberdiek/ifpdf.sty
Package: ifpdf 2011/01/30 v2.3 Provides the ifpdf switch (HO)
Package ifpdf Info: pdfTeX in PDF mode is detected.
)
(/usr/local/texlive/2015/texmf-dist/tex/generic/ifxetex/ifxetex.sty
Package: ifxetex 2010/09/12 v0.6 Provides ifxetex conditional
)
(/usr/local/texlive/2015/texmf-dist/tex/latex/titlesec/titlesec.sty
Package: titlesec 2011/12/15 v2.10.0 Sectioning titles
\ttl@box=\box26
\beforetitleunit=\skip46
\aftertitleunit=\skip47
\ttl@plus=\dimen105
\ttl@minus=\dimen106
\ttl@toksa=\toks16
\titlewidth=\dimen107
\titlewidthlast=\dimen108
\titlewidthfirst=\dimen109
)
(/usr/local/texlive/2015/texmf-dist/tex/latex/titlesec/titletoc.sty
Package: titletoc 2011/12/15 v1.6 TOC entries
\ttl@leftsep=\dimen110
)
(/usr/local/texlive/2015/texmf-dist/tex/latex/hyperref/hyperref.sty
Package: hyperref 2012/11/06 v6.83m Hypertext links for LaTeX

(/usr/local/texlive/2015/texmf-dist/tex/generic/oberdiek/hobsub-hyperref.sty
Package: hobsub-hyperref 2012/05/28 v1.13 Bundle oberdiek, subset hyperref (HO)


(/usr/local/texlive/2015/texmf-dist/tex/generic/oberdiek/hobsub-generic.sty
Package: hobsub-generic 2012/05/28 v1.13 Bundle oberdiek, subset generic (HO)
Package: hobsub 2012/05/28 v1.13 Construct package bundles (HO)
Package: infwarerr 2010/04/08 v1.3 Providing info/warning/error messages (HO)
Package: ltxcmds 2011/11/09 v1.22 LaTeX kernel commands for general use (HO)
Package: ifluatex 2010/03/01 v1.3 Provides the ifluatex switch (HO)
Package ifluatex Info: LuaTeX not detected.
Package: ifvtex 2010/03/01 v1.5 Detect VTeX and its facilities (HO)
Package ifvtex Info: VTeX not detected.
Package: intcalc 2007/09/27 v1.1 Expandable calculations with integers (HO)
Package hobsub Info: Skipping package `ifpdf' (already loaded).
Package: etexcmds 2011/02/16 v1.5 Avoid name clashes with e-TeX commands (HO)
Package etexcmds Info: Could not find \expanded.
(etexcmds)             That can mean that you are not using pdfTeX 1.50 or
(etexcmds)             that some package has redefined \expanded.
(etexcmds)             In the latter case, load this package earlier.
Package: kvsetkeys 2012/04/25 v1.16 Key value parser (HO)
Package: kvdefinekeys 2011/04/07 v1.3 Define keys (HO)
Package: pdftexcmds 2011/11/29 v0.20 Utility functions of pdfTeX for LuaTeX (HO
)
Package pdftexcmds Info: LuaTeX not detected.
Package pdftexcmds Info: \pdf@primitive is available.
Package pdftexcmds Info: \pdf@ifprimitive is available.
Package pdftexcmds Info: \pdfdraftmode found.
Package: pdfescape 2011/11/25 v1.13 Implements pdfTeX's escape features (HO)
Package: bigintcalc 2012/04/08 v1.3 Expandable calculations on big integers (HO
)
Package: bitset 2011/01/30 v1.1 Handle bit-vector datatype (HO)
Package: uniquecounter 2011/01/30 v1.2 Provide unlimited unique counter (HO)
)
Package hobsub Info: Skipping package `hobsub' (already loaded).
Package: letltxmacro 2010/09/02 v1.4 Let assignment for LaTeX macros (HO)
Package: hopatch 2012/05/28 v1.2 Wrapper for package hooks (HO)
Package: xcolor-patch 2011/01/30 xcolor patch
Package: atveryend 2011/06/30 v1.8 Hooks at the very end of document (HO)
Package atveryend Info: \enddocument detected (standard20110627).
Package: atbegshi 2011/10/05 v1.16 At begin shipout hook (HO)
Package: refcount 2011/10/16 v3.4 Data extraction from label references (HO)
Package: hycolor 2011/01/30 v1.7 Color options for hyperref/bookmark (HO)
)
(/usr/local/texlive/2015/texmf-dist/tex/latex/oberdiek/auxhook.sty
Package: auxhook 2011/03/04 v1.3 Hooks for auxiliary files (HO)
)
(/usr/local/texlive/2015/texmf-dist/tex/latex/oberdiek/kvoptions.sty
Package: kvoptions 2011/06/30 v3.11 Key value format for package options (HO)
)
\@linkdim=\dimen111
\Hy@linkcounter=\count93
\Hy@pagecounter=\count94

(/usr/local/texlive/2015/texmf-dist/tex/latex/hyperref/pd1enc.def
File: pd1enc.def 2012/11/06 v6.83m Hyperref: PDFDocEncoding definition (HO)
)
\Hy@SavedSpaceFactor=\count95

(/usr/local/texlive/2015/texmf-dist/tex/latex/latexconfig/hyperref.cfg
File: hyperref.cfg 2002/06/06 v1.2 hyperref configuration of TeXLive
)
Package hyperref Info: Option `unicode' set `true' on input line 4319.

(/usr/local/texlive/2015/texmf-dist/tex/latex/hyperref/puenc.def
File: puenc.def 2012/11/06 v6.83m Hyperref: PDF Unicode definition (HO)
)
Package hyperref Info: Option `hyperfootnotes' set `false' on input line 4319.
Package hyperref Info: Hyper figures OFF on input line 4443.
Package hyperref Info: Link nesting OFF on input line 4448.
Package hyperref Info: Hyper index ON on input line 4451.
Package hyperref Info: Plain pages OFF on input line 4458.
Package hyperref Info: Backreferencing OFF on input line 4463.
Package hyperref Info: Implicit mode ON; LaTeX internals redefined.
Package hyperref Info: Bookmarks ON on input line 4688.
\c@Hy@tempcnt=\count96

(/usr/local/texlive/2015/texmf-dist/tex/latex/url/url.sty
\Urlmuskip=\muskip10
Package: url 2013/09/16  ver 3.4  Verb mode for urls, etc.
)
LaTeX Info: Redefining \url on input line 5041.
\XeTeXLinkMargin=\dimen112
\Fld@menulength=\count97
\Field@Width=\dimen113
\Fld@charsize=\dimen114
Package hyperref Info: Hyper figures OFF on input line 6295.
Package hyperref Info: Link nesting OFF on input line 6300.
Package hyperref Info: Hyper index ON on input line 6303.
Package hyperref Info: backreferencing OFF on input line 6310.
Package hyperref Info: Link coloring OFF on input line 6315.
Package hyperref Info: Link coloring with OCG OFF on input line 6320.
Package hyperref Info: PDF/A mode OFF on input line 6325.
LaTeX Info: Redefining \ref on input line 6365.
LaTeX Info: Redefining \pageref on input line 6369.
\Hy@abspage=\count98
\c@Item=\count99
)

Package hyperref Message: Driver (autodetected): hpdftex.

(/usr/local/texlive/2015/texmf-dist/tex/latex/hyperref/hpdftex.def
File: hpdftex.def 2012/11/06 v6.83m Hyperref driver for pdfTeX
\Fld@listcount=\count100
\c@bookmark@seq@number=\count101

(/usr/local/texlive/2015/texmf-dist/tex/latex/oberdiek/rerunfilecheck.sty
Package: rerunfilecheck 2011/04/15 v1.7 Rerun checks for auxiliary files (HO)
Package uniquecounter Info: New unique counter `rerunfilecheck' on input line 2
82.
)
\Hy@SectionHShift=\skip48
)

Package hyperref Warning: Option `pagecolor' is not available anymore.

(/usr/local/texlive/2015/texmf-dist/tex/latex/ms/ragged2e.sty
Package: ragged2e 2009/05/21 v2.1 ragged2e Package (MS)

(/usr/local/texlive/2015/texmf-dist/tex/latex/ms/everysel.sty
Package: everysel 2011/10/28 v1.2 EverySelectfont Package (MS)
)
\CenteringLeftskip=\skip49
\RaggedLeftLeftskip=\skip50
\RaggedRightLeftskip=\skip51
\CenteringRightskip=\skip52
\RaggedLeftRightskip=\skip53
\RaggedRightRightskip=\skip54
\CenteringParfillskip=\skip55
\RaggedLeftParfillskip=\skip56
\RaggedRightParfillskip=\skip57
\JustifyingParfillskip=\skip58
\CenteringParindent=\skip59
\RaggedLeftParindent=\skip60
\RaggedRightParindent=\skip61
\JustifyingParindent=\skip62
)
(/usr/local/texlive/2015/texmf-dist/tex/latex/geometry/geometry.sty
Package: geometry 2010/09/12 v5.6 Page Geometry
\Gm@cnth=\count102
\Gm@cntv=\count103
\c@Gm@tempcnt=\count104
\Gm@bindingoffset=\dimen115
\Gm@wd@mp=\dimen116
\Gm@odd@mp=\dimen117
\Gm@even@mp=\dimen118
\Gm@layoutwidth=\dimen119
\Gm@layoutheight=\dimen120
\Gm@layouthoffset=\dimen121
\Gm@layoutvoffset=\dimen122
\Gm@dimlist=\toks17
)
(/usr/local/texlive/2015/texmf-dist/tex/latex/changepage/changepage.sty
Package: changepage 2009/10/20 v1.0c check page and change page layout
\c@cp@cntr=\count105
\cp@tempcnt=\count106
)
\@tufte@overhang=\skip63
\@tufte@fullwidth=\skip64
\@tufte@caption@fill=\skip65

(/usr/local/texlive/2015/texmf-dist/tex/latex/paralist/paralist.sty
Package: paralist 2013/06/09 v2.4 Extended list environments
\pltopsep=\skip66
\plpartopsep=\skip67
\plitemsep=\skip68
\plparsep=\skip69
\pl@lab=\toks18
)
(/usr/local/texlive/2015/texmf-dist/tex/latex/textcase/textcase.sty
Package: textcase 2004/10/07 v0.07 Text only upper/lower case changing (DPC)
)
(/usr/local/texlive/2015/texmf-dist/tex/latex/microtype/letterspace.sty
Package: letterspace 2013/05/23 v2.5a Robust letterspacing (RS)
LaTeX Info: Redefining \lsstyle on input line 307.
LaTeX Info: Redefining \lslig on input line 308.
LaTeX Info: Redefining \textls on input line 333.
\MT@outer@kern=\dimen123
)
(/usr/local/texlive/2015/texmf-dist/tex/latex/setspace/setspace.sty
Package: setspace 2011/12/19 v6.7a set line spacing
)
(/usr/local/texlive/2015/texmf-dist/tex/latex/natbib/natbib.sty
Package: natbib 2010/09/13 8.31b (PWD, AO)
\bibhang=\skip70
\bibsep=\skip71
LaTeX Info: Redefining \cite on input line 694.
\c@NAT@ctr=\count107
)
(/usr/local/texlive/2015/texmf-dist/tex/latex/natbib/bibentry.sty
Package: bibentry 2007/10/30 1.5 (PWD)
) (./main.bbl)
\c@@tufte@num@bibkeys=\count108
(/usr/local/texlive/2015/texmf-dist/tex/latex/sauerj/optparams.sty
Package: optparams 2004/08/14 v0.9 multiple optional parameters in macros
)
\@tufte@sidenote@vertical@offset=\skip72

(/usr/local/texlive/2015/texmf-dist/tex/latex/placeins/placeins.sty
Package: placeins 2005/04/18  v 2.2
)
\@tufte@margin@floatbox=\box27
\@tufte@figure@box=\box28
\@tufte@caption@box=\box29
\@tufte@caption@vertical@offset=\skip73
\@tufte@float@contents@width=\skip74

(/usr/local/texlive/2015/texmf-dist/tex/latex/psnfss/mathpazo.sty
Package: mathpazo 2005/04/12 PSNFSS-v9.2a Palatino w/ Pazo Math (D.Puga, WaS) 
\symupright=\mathgroup4
)
(/usr/local/texlive/2015/texmf-dist/tex/latex/psnfss/helvet.sty
Package: helvet 2005/04/12 PSNFSS-v9.2a (WaS) 
)
(/usr/local/texlive/2015/texmf-dist/tex/latex/bera/beramono.sty
Package: beramono 2004/01/31 (WaS)
)
(/usr/local/texlive/2015/texmf-dist/tex/latex/base/fontenc.sty
Package: fontenc 2005/09/27 v1.99g Standard LaTeX package

(/usr/local/texlive/2015/texmf-dist/tex/latex/base/t1enc.def
File: t1enc.def 2005/09/27 v1.99g Standard LaTeX file
LaTeX Font Info:    Redeclaring font encoding T1 on input line 48.
))
(/usr/local/texlive/2015/texmf-dist/tex/latex/base/textcomp.sty
Package: textcomp 2005/09/27 v1.99g Standard LaTeX package
Package textcomp Info: Sub-encoding information:
(textcomp)               5 = only ISO-Adobe without \textcurrency
(textcomp)               4 = 5 + \texteuro
(textcomp)               3 = 4 + \textohm
(textcomp)               2 = 3 + \textestimated + \textcurrency
(textcomp)               1 = TS1 - \textcircled - \t
(textcomp)               0 = TS1 (full)
(textcomp)             Font families with sub-encoding setting implement
(textcomp)             only a restricted character set as indicated.
(textcomp)             Family '?' is the default used for unknown fonts.
(textcomp)             See the documentation for details.
Package textcomp Info: Setting ? sub-encoding to TS1/1 on input line 79.

(/usr/local/texlive/2015/texmf-dist/tex/latex/base/ts1enc.def
File: ts1enc.def 2001/06/05 v3.0e (jk/car/fm) Standard LaTeX file
)
LaTeX Info: Redefining \oldstylenums on input line 334.
Package textcomp Info: Setting cmr sub-encoding to TS1/0 on input line 349.
Package textcomp Info: Setting cmss sub-encoding to TS1/0 on input line 350.
Package textcomp Info: Setting cmtt sub-encoding to TS1/0 on input line 351.
Package textcomp Info: Setting cmvtt sub-encoding to TS1/0 on input line 352.
Package textcomp Info: Setting cmbr sub-encoding to TS1/0 on input line 353.
Package textcomp Info: Setting cmtl sub-encoding to TS1/0 on input line 354.
Package textcomp Info: Setting ccr sub-encoding to TS1/0 on input line 355.
Package textcomp Info: Setting ptm sub-encoding to TS1/4 on input line 356.
Package textcomp Info: Setting pcr sub-encoding to TS1/4 on input line 357.
Package textcomp Info: Setting phv sub-encoding to TS1/4 on input line 358.
Package textcomp Info: Setting ppl sub-encoding to TS1/3 on input line 359.
Package textcomp Info: Setting pag sub-encoding to TS1/4 on input line 360.
Package textcomp Info: Setting pbk sub-encoding to TS1/4 on input line 361.
Package textcomp Info: Setting pnc sub-encoding to TS1/4 on input line 362.
Package textcomp Info: Setting pzc sub-encoding to TS1/4 on input line 363.
Package textcomp Info: Setting bch sub-encoding to TS1/4 on input line 364.
Package textcomp Info: Setting put sub-encoding to TS1/5 on input line 365.
Package textcomp Info: Setting uag sub-encoding to TS1/5 on input line 366.
Package textcomp Info: Setting ugq sub-encoding to TS1/5 on input line 367.
Package textcomp Info: Setting ul8 sub-encoding to TS1/4 on input line 368.
Package textcomp Info: Setting ul9 sub-encoding to TS1/4 on input line 369.
Package textcomp Info: Setting augie sub-encoding to TS1/5 on input line 370.
Package textcomp Info: Setting dayrom sub-encoding to TS1/3 on input line 371.
Package textcomp Info: Setting dayroms sub-encoding to TS1/3 on input line 372.

Package textcomp Info: Setting pxr sub-encoding to TS1/0 on input line 373.
Package textcomp Info: Setting pxss sub-encoding to TS1/0 on input line 374.
Package textcomp Info: Setting pxtt sub-encoding to TS1/0 on input line 375.
Package textcomp Info: Setting txr sub-encoding to TS1/0 on input line 376.
Package textcomp Info: Setting txss sub-encoding to TS1/0 on input line 377.
Package textcomp Info: Setting txtt sub-encoding to TS1/0 on input line 378.
Package textcomp Info: Setting lmr sub-encoding to TS1/0 on input line 379.
Package textcomp Info: Setting lmdh sub-encoding to TS1/0 on input line 380.
Package textcomp Info: Setting lmss sub-encoding to TS1/0 on input line 381.
Package textcomp Info: Setting lmssq sub-encoding to TS1/0 on input line 382.
Package textcomp Info: Setting lmvtt sub-encoding to TS1/0 on input line 383.
Package textcomp Info: Setting lmtt sub-encoding to TS1/0 on input line 384.
Package textcomp Info: Setting qhv sub-encoding to TS1/0 on input line 385.
Package textcomp Info: Setting qag sub-encoding to TS1/0 on input line 386.
Package textcomp Info: Setting qbk sub-encoding to TS1/0 on input line 387.
Package textcomp Info: Setting qcr sub-encoding to TS1/0 on input line 388.
Package textcomp Info: Setting qcs sub-encoding to TS1/0 on input line 389.
Package textcomp Info: Setting qpl sub-encoding to TS1/0 on input line 390.
Package textcomp Info: Setting qtm sub-encoding to TS1/0 on input line 391.
Package textcomp Info: Setting qzc sub-encoding to TS1/0 on input line 392.
Package textcomp Info: Setting qhvc sub-encoding to TS1/0 on input line 393.
Package textcomp Info: Setting futs sub-encoding to TS1/4 on input line 394.
Package textcomp Info: Setting futx sub-encoding to TS1/4 on input line 395.
Package textcomp Info: Setting futj sub-encoding to TS1/4 on input line 396.
Package textcomp Info: Setting hlh sub-encoding to TS1/3 on input line 397.
Package textcomp Info: Setting hls sub-encoding to TS1/3 on input line 398.
Package textcomp Info: Setting hlst sub-encoding to TS1/3 on input line 399.
Package textcomp Info: Setting hlct sub-encoding to TS1/5 on input line 400.
Package textcomp Info: Setting hlx sub-encoding to TS1/5 on input line 401.
Package textcomp Info: Setting hlce sub-encoding to TS1/5 on input line 402.
Package textcomp Info: Setting hlcn sub-encoding to TS1/5 on input line 403.
Package textcomp Info: Setting hlcw sub-encoding to TS1/5 on input line 404.
Package textcomp Info: Setting hlcf sub-encoding to TS1/5 on input line 405.
Package textcomp Info: Setting pplx sub-encoding to TS1/3 on input line 406.
Package textcomp Info: Setting pplj sub-encoding to TS1/3 on input line 407.
Package textcomp Info: Setting ptmx sub-encoding to TS1/4 on input line 408.
Package textcomp Info: Setting ptmj sub-encoding to TS1/4 on input line 409.
)
(/usr/local/texlive/2015/texmf-dist/tex/latex/fancyhdr/fancyhdr.sty
\fancy@headwidth=\skip75
\f@ncyO@elh=\skip76
\f@ncyO@erh=\skip77
\f@ncyO@olh=\skip78
\f@ncyO@orh=\skip79
\f@ncyO@elf=\skip80
\f@ncyO@erf=\skip81
\f@ncyO@olf=\skip82
\f@ncyO@orf=\skip83
)
(/usr/local/texlive/2015/texmf-dist/tex/latex/xcolor/xcolor.sty
Package: xcolor 2007/01/21 v2.11 LaTeX color extensions (UK)

(/usr/local/texlive/2015/texmf-dist/tex/latex/latexconfig/color.cfg
File: color.cfg 2007/01/18 v1.5 color configuration of teTeX/TeXLive
)
Package xcolor Info: Package option `usenames' ignored on input line 216.
Package xcolor Info: Driver file: pdftex.def on input line 225.

(/usr/local/texlive/2015/texmf-dist/tex/latex/pdftex-def/pdftex.def
File: pdftex.def 2011/05/27 v0.06d Graphics/color for pdfTeX
\Gread@gobject=\count109
)
Package xcolor Info: Model `cmy' substituted by `cmy0' on input line 1337.
Package xcolor Info: Model `hsb' substituted by `rgb' on input line 1341.
Package xcolor Info: Model `RGB' extended on input line 1353.
Package xcolor Info: Model `HTML' substituted by `rgb' on input line 1355.
Package xcolor Info: Model `Hsb' substituted by `hsb' on input line 1356.
Package xcolor Info: Model `tHsb' substituted by `hsb' on input line 1357.
Package xcolor Info: Model `HSB' substituted by `hsb' on input line 1358.
Package xcolor Info: Model `Gray' substituted by `gray' on input line 1359.
Package xcolor Info: Model `wave' substituted by `hsb' on input line 1360.

(/usr/local/texlive/2015/texmf-dist/tex/latex/graphics/dvipsnam.def
File: dvipsnam.def 2014/10/14 v3.0j Driver-dependent file (DPC,SPQR)
)
(/usr/local/texlive/2015/texmf-dist/tex/latex/xcolor/svgnam.def
File: svgnam.def 2007/01/21 v2.11 Predefined colors according to SVG 1.1 (UK)
))
\langwohyphens=\language80

(/usr/local/texlive/2015/texmf-dist/tex/latex/tools/multicol.sty
Package: multicol 2015/03/31 v1.8m multicolumn formatting (FMi)
\c@tracingmulticols=\count110
\mult@box=\box30
\multicol@leftmargin=\dimen124
\c@unbalance=\count111
\c@collectmore=\count112
\doublecol@number=\count113
\multicoltolerance=\count114
\multicolpretolerance=\count115
\full@width=\dimen125
\page@free=\dimen126
\premulticols=\dimen127
\postmulticols=\dimen128
\multicolsep=\skip84
\multicolbaselineskip=\skip85
\partial@page=\box31
\last@line=\box32
\maxbalancingoverflow=\dimen129
\mult@rightbox=\box33
\mult@grightbox=\box34
\mult@gfirstbox=\box35
\mult@firstbox=\box36
\@tempa=\box37
\@tempa=\box38
\@tempa=\box39
\@tempa=\box40
\@tempa=\box41
\@tempa=\box42
\@tempa=\box43
\@tempa=\box44
\@tempa=\box45
\@tempa=\box46
\@tempa=\box47
\@tempa=\box48
\@tempa=\box49
\@tempa=\box50
\@tempa=\box51
\@tempa=\box52
\@tempa=\box53
\c@columnbadness=\count116
\c@finalcolumnbadness=\count117
\last@try=\dimen130
\multicolovershoot=\dimen131
\multicolundershoot=\dimen132
\mult@nat@firstbox=\box54
\colbreak@box=\box55
\mc@col@check@num=\count118
)))
Package hyperref Info: Option `colorlinks' set `true' on input line 19.

(/usr/local/texlive/2015/texmf-dist/tex/generic/babel/babel.sty
Package: babel 2014/09/25 3.9l The Babel package

(/usr/local/texlive/2015/texmf-dist/tex/generic/babel-french/frenchb.ldf
Language: frenchb 2015/04/10 v3.1e French support from the babel system

(/usr/local/texlive/2015/texmf-dist/tex/generic/babel/babel.def
File: babel.def 2014/09/25 3.9l Babel common definitions
\babel@savecnt=\count119
\U@D=\dimen133
)
\l@acadian = a dialect from \language\l@french 
\l@canadien = a dialect from \language\l@french 
\FBcolonskip=\skip86
\FBthinskip=\skip87
\FB@interchartokenstateORI=\count120
Package babel Info: Making : an active character on input line 371.
Package babel Info: Making ; an active character on input line 372.
Package babel Info: Making ! an active character on input line 373.
Package babel Info: Making ? an active character on input line 374.
\FBguillskip=\skip88
\FBguill@level=\count121
\FB@Mht=\dimen134
\std@mcc=\count122
\dec@mcc=\count123
\listindentFB=\skip89
\labelwidthFB=\skip90
\leftmarginFB=\skip91
\parindentFFN=\dimen135
))
(/usr/local/texlive/2015/texmf-dist/tex/latex/carlisle/scalefnt.sty)
(/usr/local/texlive/2015/texmf-dist/tex/latex/base/inputenc.sty
Package: inputenc 2015/03/17 v1.2c Input encoding file
\inpenc@prehook=\toks19
\inpenc@posthook=\toks20

(/usr/local/texlive/2015/texmf-dist/tex/latex/base/utf8.def
File: utf8.def 2014/09/29 v1.1m UTF-8 support for inputenc
Now handling font encoding OML ...
... no UTF-8 mapping file for font encoding OML
Now handling font encoding T1 ...
... processing UTF-8 mapping file for font encoding T1

(/usr/local/texlive/2015/texmf-dist/tex/latex/base/t1enc.dfu
File: t1enc.dfu 2014/09/29 v1.1m UTF-8 support for inputenc
   defining Unicode char U+00A1 (decimal 161)
   defining Unicode char U+00A3 (decimal 163)
   defining Unicode char U+00AB (decimal 171)
   defining Unicode char U+00BB (decimal 187)
   defining Unicode char U+00BF (decimal 191)
   defining Unicode char U+00C0 (decimal 192)
   defining Unicode char U+00C1 (decimal 193)
   defining Unicode char U+00C2 (decimal 194)
   defining Unicode char U+00C3 (decimal 195)
   defining Unicode char U+00C4 (decimal 196)
   defining Unicode char U+00C5 (decimal 197)
   defining Unicode char U+00C6 (decimal 198)
   defining Unicode char U+00C7 (decimal 199)
   defining Unicode char U+00C8 (decimal 200)
   defining Unicode char U+00C9 (decimal 201)
   defining Unicode char U+00CA (decimal 202)
   defining Unicode char U+00CB (decimal 203)
   defining Unicode char U+00CC (decimal 204)
   defining Unicode char U+00CD (decimal 205)
   defining Unicode char U+00CE (decimal 206)
   defining Unicode char U+00CF (decimal 207)
   defining Unicode char U+00D0 (decimal 208)
   defining Unicode char U+00D1 (decimal 209)
   defining Unicode char U+00D2 (decimal 210)
   defining Unicode char U+00D3 (decimal 211)
   defining Unicode char U+00D4 (decimal 212)
   defining Unicode char U+00D5 (decimal 213)
   defining Unicode char U+00D6 (decimal 214)
   defining Unicode char U+00D8 (decimal 216)
   defining Unicode char U+00D9 (decimal 217)
   defining Unicode char U+00DA (decimal 218)
   defining Unicode char U+00DB (decimal 219)
   defining Unicode char U+00DC (decimal 220)
   defining Unicode char U+00DD (decimal 221)
   defining Unicode char U+00DE (decimal 222)
   defining Unicode char U+00DF (decimal 223)
   defining Unicode char U+00E0 (decimal 224)
   defining Unicode char U+00E1 (decimal 225)
   defining Unicode char U+00E2 (decimal 226)
   defining Unicode char U+00E3 (decimal 227)
   defining Unicode char U+00E4 (decimal 228)
   defining Unicode char U+00E5 (decimal 229)
   defining Unicode char U+00E6 (decimal 230)
   defining Unicode char U+00E7 (decimal 231)
   defining Unicode char U+00E8 (decimal 232)
   defining Unicode char U+00E9 (decimal 233)
   defining Unicode char U+00EA (decimal 234)
   defining Unicode char U+00EB (decimal 235)
   defining Unicode char U+00EC (decimal 236)
   defining Unicode char U+00ED (decimal 237)
   defining Unicode char U+00EE (decimal 238)
   defining Unicode char U+00EF (decimal 239)
   defining Unicode char U+00F0 (decimal 240)
   defining Unicode char U+00F1 (decimal 241)
   defining Unicode char U+00F2 (decimal 242)
   defining Unicode char U+00F3 (decimal 243)
   defining Unicode char U+00F4 (decimal 244)
   defining Unicode char U+00F5 (decimal 245)
   defining Unicode char U+00F6 (decimal 246)
   defining Unicode char U+00F8 (decimal 248)
   defining Unicode char U+00F9 (decimal 249)
   defining Unicode char U+00FA (decimal 250)
   defining Unicode char U+00FB (decimal 251)
   defining Unicode char U+00FC (decimal 252)
   defining Unicode char U+00FD (decimal 253)
   defining Unicode char U+00FE (decimal 254)
   defining Unicode char U+00FF (decimal 255)
   defining Unicode char U+0102 (decimal 258)
   defining Unicode char U+0103 (decimal 259)
   defining Unicode char U+0104 (decimal 260)
   defining Unicode char U+0105 (decimal 261)
   defining Unicode char U+0106 (decimal 262)
   defining Unicode char U+0107 (decimal 263)
   defining Unicode char U+010C (decimal 268)
   defining Unicode char U+010D (decimal 269)
   defining Unicode char U+010E (decimal 270)
   defining Unicode char U+010F (decimal 271)
   defining Unicode char U+0110 (decimal 272)
   defining Unicode char U+0111 (decimal 273)
   defining Unicode char U+0118 (decimal 280)
   defining Unicode char U+0119 (decimal 281)
   defining Unicode char U+011A (decimal 282)
   defining Unicode char U+011B (decimal 283)
   defining Unicode char U+011E (decimal 286)
   defining Unicode char U+011F (decimal 287)
   defining Unicode char U+0130 (decimal 304)
   defining Unicode char U+0131 (decimal 305)
   defining Unicode char U+0132 (decimal 306)
   defining Unicode char U+0133 (decimal 307)
   defining Unicode char U+0139 (decimal 313)
   defining Unicode char U+013A (decimal 314)
   defining Unicode char U+013D (decimal 317)
   defining Unicode char U+013E (decimal 318)
   defining Unicode char U+0141 (decimal 321)
   defining Unicode char U+0142 (decimal 322)
   defining Unicode char U+0143 (decimal 323)
   defining Unicode char U+0144 (decimal 324)
   defining Unicode char U+0147 (decimal 327)
   defining Unicode char U+0148 (decimal 328)
   defining Unicode char U+014A (decimal 330)
   defining Unicode char U+014B (decimal 331)
   defining Unicode char U+0150 (decimal 336)
   defining Unicode char U+0151 (decimal 337)
   defining Unicode char U+0152 (decimal 338)
   defining Unicode char U+0153 (decimal 339)
   defining Unicode char U+0154 (decimal 340)
   defining Unicode char U+0155 (decimal 341)
   defining Unicode char U+0158 (decimal 344)
   defining Unicode char U+0159 (decimal 345)
   defining Unicode char U+015A (decimal 346)
   defining Unicode char U+015B (decimal 347)
   defining Unicode char U+015E (decimal 350)
   defining Unicode char U+015F (decimal 351)
   defining Unicode char U+0160 (decimal 352)
   defining Unicode char U+0161 (decimal 353)
   defining Unicode char U+0162 (decimal 354)
   defining Unicode char U+0163 (decimal 355)
   defining Unicode char U+0164 (decimal 356)
   defining Unicode char U+0165 (decimal 357)
   defining Unicode char U+016E (decimal 366)
   defining Unicode char U+016F (decimal 367)
   defining Unicode char U+0170 (decimal 368)
   defining Unicode char U+0171 (decimal 369)
   defining Unicode char U+0178 (decimal 376)
   defining Unicode char U+0179 (decimal 377)
   defining Unicode char U+017A (decimal 378)
   defining Unicode char U+017B (decimal 379)
   defining Unicode char U+017C (decimal 380)
   defining Unicode char U+017D (decimal 381)
   defining Unicode char U+017E (decimal 382)
   defining Unicode char U+200C (decimal 8204)
   defining Unicode char U+2013 (decimal 8211)
   defining Unicode char U+2014 (decimal 8212)
   defining Unicode char U+2018 (decimal 8216)
   defining Unicode char U+2019 (decimal 8217)
   defining Unicode char U+201A (decimal 8218)
   defining Unicode char U+201C (decimal 8220)
   defining Unicode char U+201D (decimal 8221)
   defining Unicode char U+201E (decimal 8222)
   defining Unicode char U+2030 (decimal 8240)
   defining Unicode char U+2031 (decimal 8241)
   defining Unicode char U+2039 (decimal 8249)
   defining Unicode char U+203A (decimal 8250)
   defining Unicode char U+2423 (decimal 9251)
)
Now handling font encoding OT1 ...
... processing UTF-8 mapping file for font encoding OT1

(/usr/local/texlive/2015/texmf-dist/tex/latex/base/ot1enc.dfu
File: ot1enc.dfu 2014/09/29 v1.1m UTF-8 support for inputenc
   defining Unicode char U+00A1 (decimal 161)
   defining Unicode char U+00A3 (decimal 163)
   defining Unicode char U+00B8 (decimal 184)
   defining Unicode char U+00BF (decimal 191)
   defining Unicode char U+00C5 (decimal 197)
   defining Unicode char U+00C6 (decimal 198)
   defining Unicode char U+00D8 (decimal 216)
   defining Unicode char U+00DF (decimal 223)
   defining Unicode char U+00E6 (decimal 230)
   defining Unicode char U+00EC (decimal 236)
   defining Unicode char U+00ED (decimal 237)
   defining Unicode char U+00EE (decimal 238)
   defining Unicode char U+00EF (decimal 239)
   defining Unicode char U+00F8 (decimal 248)
   defining Unicode char U+0131 (decimal 305)
   defining Unicode char U+0141 (decimal 321)
   defining Unicode char U+0142 (decimal 322)
   defining Unicode char U+0152 (decimal 338)
   defining Unicode char U+0153 (decimal 339)
   defining Unicode char U+2013 (decimal 8211)
   defining Unicode char U+2014 (decimal 8212)
   defining Unicode char U+2018 (decimal 8216)
   defining Unicode char U+2019 (decimal 8217)
   defining Unicode char U+201C (decimal 8220)
   defining Unicode char U+201D (decimal 8221)
)
Now handling font encoding OMS ...
... processing UTF-8 mapping file for font encoding OMS

(/usr/local/texlive/2015/texmf-dist/tex/latex/base/omsenc.dfu
File: omsenc.dfu 2014/09/29 v1.1m UTF-8 support for inputenc
   defining Unicode char U+00A7 (decimal 167)
   defining Unicode char U+00B6 (decimal 182)
   defining Unicode char U+00B7 (decimal 183)
   defining Unicode char U+2020 (decimal 8224)
   defining Unicode char U+2021 (decimal 8225)
   defining Unicode char U+2022 (decimal 8226)
)
Now handling font encoding OMX ...
... no UTF-8 mapping file for font encoding OMX
Now handling font encoding U ...
... no UTF-8 mapping file for font encoding U
Now handling font encoding PD1 ...
... no UTF-8 mapping file for font encoding PD1
Now handling font encoding PU ...
... no UTF-8 mapping file for font encoding PU
Now handling font encoding TS1 ...
... processing UTF-8 mapping file for font encoding TS1

(/usr/local/texlive/2015/texmf-dist/tex/latex/base/ts1enc.dfu
File: ts1enc.dfu 2014/09/29 v1.1m UTF-8 support for inputenc
   defining Unicode char U+00A2 (decimal 162)
   defining Unicode char U+00A3 (decimal 163)
   defining Unicode char U+00A4 (decimal 164)
   defining Unicode char U+00A5 (decimal 165)
   defining Unicode char U+00A6 (decimal 166)
   defining Unicode char U+00A7 (decimal 167)
   defining Unicode char U+00A8 (decimal 168)
   defining Unicode char U+00A9 (decimal 169)
   defining Unicode char U+00AA (decimal 170)
   defining Unicode char U+00AC (decimal 172)
   defining Unicode char U+00AE (decimal 174)
   defining Unicode char U+00AF (decimal 175)
   defining Unicode char U+00B0 (decimal 176)
   defining Unicode char U+00B1 (decimal 177)
   defining Unicode char U+00B2 (decimal 178)
   defining Unicode char U+00B3 (decimal 179)
   defining Unicode char U+00B4 (decimal 180)
   defining Unicode char U+00B5 (decimal 181)
   defining Unicode char U+00B6 (decimal 182)
   defining Unicode char U+00B7 (decimal 183)
   defining Unicode char U+00B9 (decimal 185)
   defining Unicode char U+00BA (decimal 186)
   defining Unicode char U+00BC (decimal 188)
   defining Unicode char U+00BD (decimal 189)
   defining Unicode char U+00BE (decimal 190)
   defining Unicode char U+00D7 (decimal 215)
   defining Unicode char U+00F7 (decimal 247)
   defining Unicode char U+0192 (decimal 402)
   defining Unicode char U+02C7 (decimal 711)
   defining Unicode char U+02D8 (decimal 728)
   defining Unicode char U+02DD (decimal 733)
   defining Unicode char U+0E3F (decimal 3647)
   defining Unicode char U+2016 (decimal 8214)
   defining Unicode char U+2020 (decimal 8224)
   defining Unicode char U+2021 (decimal 8225)
   defining Unicode char U+2022 (decimal 8226)
   defining Unicode char U+2030 (decimal 8240)
   defining Unicode char U+2031 (decimal 8241)
   defining Unicode char U+203B (decimal 8251)
   defining Unicode char U+203D (decimal 8253)
   defining Unicode char U+2044 (decimal 8260)
   defining Unicode char U+204E (decimal 8270)
   defining Unicode char U+2052 (decimal 8274)
   defining Unicode char U+20A1 (decimal 8353)
   defining Unicode char U+20A4 (decimal 8356)
   defining Unicode char U+20A6 (decimal 8358)
   defining Unicode char U+20A9 (decimal 8361)
   defining Unicode char U+20AB (decimal 8363)
   defining Unicode char U+20AC (decimal 8364)
   defining Unicode char U+20B1 (decimal 8369)
   defining Unicode char U+2103 (decimal 8451)
   defining Unicode char U+2116 (decimal 8470)
   defining Unicode char U+2117 (decimal 8471)
   defining Unicode char U+211E (decimal 8478)
   defining Unicode char U+2120 (decimal 8480)
   defining Unicode char U+2122 (decimal 8482)
   defining Unicode char U+2126 (decimal 8486)
   defining Unicode char U+2127 (decimal 8487)
   defining Unicode char U+212E (decimal 8494)
   defining Unicode char U+2190 (decimal 8592)
   defining Unicode char U+2191 (decimal 8593)
   defining Unicode char U+2192 (decimal 8594)
   defining Unicode char U+2193 (decimal 8595)
   defining Unicode char U+2329 (decimal 9001)
   defining Unicode char U+232A (decimal 9002)
   defining Unicode char U+2422 (decimal 9250)
   defining Unicode char U+25E6 (decimal 9702)
   defining Unicode char U+25EF (decimal 9711)
   defining Unicode char U+266A (decimal 9834)
)
   defining Unicode char U+00A9 (decimal 169)
   defining Unicode char U+00AA (decimal 170)
   defining Unicode char U+00AE (decimal 174)
   defining Unicode char U+00BA (decimal 186)
   defining Unicode char U+02C6 (decimal 710)
   defining Unicode char U+02DC (decimal 732)
   defining Unicode char U+200C (decimal 8204)
   defining Unicode char U+2026 (decimal 8230)
   defining Unicode char U+2122 (decimal 8482)
   defining Unicode char U+2423 (decimal 9251)
))
(/usr/local/texlive/2015/texmf-dist/tex/latex/lipsum/lipsum.sty
Package: lipsum 2014/07/27 v1.3 150 paragraphs of Lorem Ipsum dummy text
\c@lips@count=\count124
)
(/usr/local/texlive/2015/texmf-dist/tex/latex/booktabs/booktabs.sty
Package: booktabs 2005/04/14 v1.61803 publication quality tables
\heavyrulewidth=\dimen136
\lightrulewidth=\dimen137
\cmidrulewidth=\dimen138
\belowrulesep=\dimen139
\belowbottomsep=\dimen140
\aboverulesep=\dimen141
\abovetopsep=\dimen142
\cmidrulesep=\dimen143
\cmidrulekern=\dimen144
\defaultaddspace=\dimen145
\@cmidla=\count125
\@cmidlb=\count126
\@aboverulesep=\dimen146
\@belowrulesep=\dimen147
\@thisruleclass=\count127
\@lastruleclass=\count128
\@thisrulewidth=\dimen148
)
(/usr/local/texlive/2015/texmf-dist/tex/latex/graphics/graphicx.sty
Package: graphicx 2014/10/28 v1.0g Enhanced LaTeX Graphics (DPC,SPQR)

(/usr/local/texlive/2015/texmf-dist/tex/latex/graphics/graphics.sty
Package: graphics 2014/10/28 v1.0p Standard LaTeX Graphics (DPC,SPQR)

(/usr/local/texlive/2015/texmf-dist/tex/latex/graphics/trig.sty
Package: trig 1999/03/16 v1.09 sin cos tan (DPC)
)
(/usr/local/texlive/2015/texmf-dist/tex/latex/latexconfig/graphics.cfg
File: graphics.cfg 2010/04/23 v1.9 graphics configuration of TeX Live
)
Package graphics Info: Driver file: pdftex.def on input line 94.
)
\Gin@req@height=\dimen149
\Gin@req@width=\dimen150
)
(/usr/local/texlive/2015/texmf-dist/tex/latex/fancyvrb/fancyvrb.sty
Package: fancyvrb 2008/02/07

Style option: `fancyvrb' v2.7a, with DG/SPQR fixes, and firstline=lastline fix 
<2008/02/07> (tvz)
\FV@CodeLineNo=\count129
\FV@InFile=\read1
\FV@TabBox=\box56
\c@FancyVerbLine=\count130
\FV@StepNumber=\count131
\FV@OutFile=\write3
)
(/usr/local/texlive/2015/texmf-dist/tex/latex/tools/xspace.sty
Package: xspace 2014/10/28 v1.13 Space after command names (DPC,MH)
)
(/usr/local/texlive/2015/texmf-dist/tex/latex/units/units.sty
Package: units 1998/08/04 v0.9b Typesetting units

(/usr/local/texlive/2015/texmf-dist/tex/latex/units/nicefrac.sty
Package: nicefrac 1998/08/04 v0.9b Nice fractions
\L@UnitsRaiseDisplaystyle=\skip92
\L@UnitsRaiseTextstyle=\skip93
\L@UnitsRaiseScriptstyle=\skip94
))
(/usr/local/texlive/2015/texmf-dist/tex/latex/base/makeidx.sty
Package: makeidx 2014/09/29 v1.0m Standard LaTeX package
)
\@indexfile=\write4
\openout4 = `main.idx'.


Writing index file main.idx
(./main.aux (./connaissance.aux) (./newton.aux) (./fondamentaux.aux)
(./homogene.aux) (./chaud.aux) (./thermique.aux) (./cmb.aux) (./structures.aux)
(./entropie.aux) (./inflation.aux) (./simulation.aux))
\openout1 = `main.aux'.

LaTeX Font Info:    Checking defaults for OML/cmm/m/it on input line 168.
LaTeX Font Info:    ... okay on input line 168.
LaTeX Font Info:    Checking defaults for T1/cmr/m/n on input line 168.
LaTeX Font Info:    ... okay on input line 168.
LaTeX Font Info:    Checking defaults for OT1/cmr/m/n on input line 168.
LaTeX Font Info:    ... okay on input line 168.
LaTeX Font Info:    Checking defaults for OMS/cmsy/m/n on input line 168.
LaTeX Font Info:    ... okay on input line 168.
LaTeX Font Info:    Checking defaults for OMX/cmex/m/n on input line 168.
LaTeX Font Info:    ... okay on input line 168.
LaTeX Font Info:    Checking defaults for U/cmr/m/n on input line 168.
LaTeX Font Info:    ... okay on input line 168.
LaTeX Font Info:    Checking defaults for PD1/pdf/m/n on input line 168.
LaTeX Font Info:    ... okay on input line 168.
LaTeX Font Info:    Checking defaults for PU/pdf/m/n on input line 168.
LaTeX Font Info:    ... okay on input line 168.
LaTeX Font Info:    Checking defaults for TS1/cmr/m/n on input line 168.
LaTeX Font Info:    Try loading font information for TS1+cmr on input line 168.


(/usr/local/texlive/2015/texmf-dist/tex/latex/base/ts1cmr.fd
File: ts1cmr.fd 2014/09/29 v2.5h Standard LaTeX font definitions
)
LaTeX Font Info:    ... okay on input line 168.
LaTeX Font Info:    Try loading font information for T1+pplj on input line 168.


(/usr/local/texlive/2015/texmf-dist/tex/latex/psnfss/t1pplj.fd
File: t1pplj.fd 2004/09/06 font definitions for T1/pplj.
)
\AtBeginShipoutBox=\box57
Package hyperref Info: Link coloring ON on input line 168.

(/usr/local/texlive/2015/texmf-dist/tex/latex/hyperref/nameref.sty
Package: nameref 2012/10/27 v2.43 Cross-referencing by name of section

(/usr/local/texlive/2015/texmf-dist/tex/generic/oberdiek/gettitlestring.sty
Package: gettitlestring 2010/12/03 v1.4 Cleanup title references (HO)
)
\c@section@level=\count132
)
LaTeX Info: Redefining \ref on input line 168.
LaTeX Info: Redefining \pageref on input line 168.
LaTeX Info: Redefining \nameref on input line 168.

(./main.out) (./main.out)
\@outlinefile=\write5
\openout5 = `main.out'.

 ABD: EverySelectfont initializing macros
LaTeX Info: Redefining \selectfont on input line 168.

*geometry* driver: auto-detecting
*geometry* detected driver: pdftex
*geometry* verbose mode - [ preamble ] result:
* driver: pdftex
* paper: letterpaper
* layout: <same size as paper>
* layoutoffset:(h,v)=(0.0pt,0.0pt)
* modes: twoside asymmetric 
* h-part:(L,W,R)=(72.26999pt, 312.0pt, 230.02501pt)
* v-part:(T,H,B)=(72.26999pt, 616.0pt, 106.7pt)
* \paperwidth=614.295pt
* \paperheight=794.96999pt
* \textwidth=312.0pt
* \textheight=616.0pt
* \oddsidemargin=0.0pt
* \evensidemargin=0.0pt
* \topmargin=-42.0pt
* \headheight=14.0pt
* \headsep=28.0pt
* \topskip=10.0pt
* \footskip=25.29494pt
* \marginparwidth=144.0pt
* \marginparsep=24.0pt
* \columnsep=10.0pt
* \skip\footins=9.0pt plus 4.0pt minus 2.0pt
* \hoffset=0.0pt
* \voffset=0.0pt
* \mag=1000
* \@twocolumnfalse
* \@twosidetrue
* \@mparswitchfalse
* \@reversemarginfalse
* (1in=72.27pt=25.4mm, 1cm=28.453pt)

\big@size=\dimen151
(/usr/local/texlive/2015/texmf-dist/tex/context/base/supp-pdf.mkii
[Loading MPS to PDF converter (version 2006.09.02).]
\scratchcounter=\count133
\scratchdimen=\dimen152
\scratchbox=\box58
\nofMPsegments=\count134
\nofMParguments=\count135
\everyMPshowfont=\toks21
\MPscratchCnt=\count136
\MPscratchDim=\dimen153
\MPnumerator=\count137
\makeMPintoPDFobject=\count138
\everyMPtoPDFconversion=\toks22
)
LaTeX Info: Redefining \degres on input line 168.
LaTeX Info: Redefining \dots on input line 168.
Package frenchb.ldf Info: Setting StandardItemizeEnv=true for
(frenchb.ldf)             compatibility with paralist package,
(frenchb.ldf)              on input line 168.
Package frenchb.ldf Info: Setting StandardEnumerateEnv=true for
(frenchb.ldf)             compatibility with paralist package,
(frenchb.ldf)              on input line 168.
LaTeX Info: Redefining \up on input line 168.
 (/usr/local/texlive/2015/texmf-dist/tex/latex/oberdiek/epstopdf-base.sty
Package: epstopdf-base 2010/02/09 v2.5 Base part for package epstopdf

(/usr/local/texlive/2015/texmf-dist/tex/latex/oberdiek/grfext.sty
Package: grfext 2010/08/19 v1.1 Manage graphics extensions (HO)
)
Package grfext Info: Graphics extension search list:
(grfext)             [.png,.pdf,.jpg,.mps,.jpeg,.jbig2,.jb2,.PNG,.PDF,.JPG,.JPE
G,.JBIG2,.JB2,.eps]
(grfext)             \AppendGraphicsExtensions on input line 452.

(/usr/local/texlive/2015/texmf-dist/tex/latex/latexconfig/epstopdf-sys.cfg
File: epstopdf-sys.cfg 2010/07/13 v1.3 Configuration of (r)epstopdf for TeX Liv
e
))
[1


]
LaTeX Font Info:    Try loading font information for T1+phv on input line 181.
 (/usr/local/texlive/2015/texmf-dist/tex/latex/psnfss/t1phv.fd
File: t1phv.fd 2001/06/04 scalable font definitions for T1/phv.
)
LaTeX Font Info:    Font shape `T1/phv/m/n' will be
(Font)              scaled to size 8.99994pt on input line 181.
LaTeX Font Info:    Font shape `T1/phv/m/n' will be
(Font)              scaled to size 9.85492pt on input line 181.
 [2{/usr/local/texlive/2015/texmf-var/fonts/map/pdftex/updmap/pdftex.map}]
LaTeX Font Info:    Font shape `T1/phv/m/n' will be
(Font)              scaled to size 16.19989pt on input line 200.
LaTeX Font Info:    Font shape `T1/phv/m/n' will be
(Font)              scaled to size 32.39978pt on input line 200.

Overfull \hbox (29.53358pt too wide) in paragraph at lines 200--200
[]\T1/phv/m/n/36/200ls COSMOLOGIE PHY-SIQUE[]  
 []

LaTeX Font Info:    Font shape `T1/phv/m/n' will be
(Font)              scaled to size 12.59991pt on input line 200.
[3

] [4


] (./main.toc [5])
\tf@toc=\write6
\openout6 = `main.toc'.

 [6]
LaTeX Font Info:    Try loading font information for OT1+pplx on input line 254
.

(/usr/local/texlive/2015/texmf-dist/tex/latex/psnfss/ot1pplx.fd
File: ot1pplx.fd 2004/09/06 font definitions for OT1/pplx.
)
LaTeX Font Info:    Try loading font information for OML+zplm on input line 254
.

(/usr/local/texlive/2015/texmf-dist/tex/latex/psnfss/omlzplm.fd
File: omlzplm.fd 2002/09/08 Fontinst v1.914 font definitions for OML/zplm.
)
LaTeX Font Info:    Try loading font information for OMS+zplm on input line 254
.

(/usr/local/texlive/2015/texmf-dist/tex/latex/psnfss/omszplm.fd
File: omszplm.fd 2002/09/08 Fontinst v1.914 font definitions for OMS/zplm.
)
LaTeX Font Info:    Try loading font information for OMX+zplm on input line 254
.

(/usr/local/texlive/2015/texmf-dist/tex/latex/psnfss/omxzplm.fd
File: omxzplm.fd 2002/09/08 Fontinst v1.914 font definitions for OMX/zplm.
)
LaTeX Font Info:    Try loading font information for OT1+zplm on input line 254
.

(/usr/local/texlive/2015/texmf-dist/tex/latex/psnfss/ot1zplm.fd
File: ot1zplm.fd 2002/09/08 Fontinst v1.914 font definitions for OT1/zplm.
)
Underfull \hbox (badness 10000) in paragraph at lines 254--254
[][]\T1/pplj/m/n/8 .[]Edward R. Tufte.  \T1/pplj/m/it/8 The Vi-sual Dis-play
 []


Underfull \hbox (badness 10000) in paragraph at lines 254--254
\T1/pplj/m/it/8 of Quan-ti-ta-tive In-for-ma-tion\T1/pplj/m/n/8 .  Gra-phics
 []


Underfull \hbox (badness 10000) in paragraph at lines 254--254
\T1/pplj/m/n/8 Press, Che-shire, Connec-ti-cut, 2001.
 []


Underfull \hbox (badness 10000) in paragraph at lines 254--254
\T1/pplj/m/n/8 ISBN 0-9613921-4-2; []Edward R. Tufte.
 []


Underfull \hbox (badness 10000) in paragraph at lines 254--254
\T1/pplj/m/n/8 Che-shire, Connec-ti-cut, 1990.  ISBN
 []


Underfull \hbox (badness 2277) in paragraph at lines 254--254
\T1/pplj/m/n/8 0-9613921-1-8; []Edward R. Tufte.  \T1/pplj/m/it/8 Vi-sual
 []


Underfull \hbox (badness 10000) in paragraph at lines 254--254
\T1/pplj/m/n/8 Gra-phics Press, LLC, first edi-tion, May
 []

LaTeX Font Info:    Try loading font information for T1+fvm on input line 255.
(/usr/local/texlive/2015/texmf-dist/tex/latex/bera/t1fvm.fd
File: t1fvm.fd 2004/09/07 scalable font definitions for T1/fvm.
)
LaTeX Font Info:    Font shape `T1/fvm/m/n' will be
(Font)              scaled to size 8.50006pt on input line 255.


LaTeX Warning: Marginpar on page 7 moved.

[7


] [8

]
\openout2 = `connaissance.aux'.

 (./connaissance.tex
LaTeX Font Info:    Font shape `T1/pplj/bx/it' in size <10> not available
(Font)              Font shape `T1/pplj/b/it' tried instead on input line 4.
 [9


] [10] [11] [12] [13] [14]
<figs/timeline.png, id=332, 659.46375pt x 446.66875pt>
File: figs/timeline.png Graphic file (type png)
 <use figs/timeline.png>
Package pdftex.def Info: figs/timeline.png used on input line 73.
(pdftex.def)             Requested size: 312.01083pt x 211.33153pt.

[15 <./figs/timeline.png>]) [16]
\openout2 = `newton.aux'.

 (./newton.tex
<figs/newton.png, id=354, 762.85pt x 421.575pt>
File: figs/newton.png Graphic file (type png)
 <use figs/newton.png>
Package pdftex.def Info: figs/newton.png used on input line 19.
(pdftex.def)             Requested size: 308.91763pt x 170.71764pt.
 [17



]
Underfull \hbox (badness 10000) in paragraph at lines 26--26
[][]\T1/pplj/m/n/8 .se fai-sant on consi-dère que ce rayon
 []


Underfull \hbox (badness 10000) in paragraph at lines 26--26
\T1/pplj/m/n/8 est 'at-ta-ché' ou an-cré à une ga-laxie, la
 []


LaTeX Warning: Marginpar on page 18 moved.

[18 <./figs/newton.png>]
Underfull \hbox (badness 10000) in paragraph at lines 53--53
[][]\T1/pplj/m/n/8 .$\OML/zplm/m/it/8 ^^Z$ \T1/pplj/m/n/8 dé-signe la den-sité 
mas-sique de
 []


Underfull \hbox (badness 10000) in paragraph at lines 53--53
\T1/pplj/m/n/8 ga-laxies. Elle est in-dé-pen-dante de $\OML/zplm/m/it/8 r$\T1/p
plj/m/n/8 , le
 []


LaTeX Warning: Marginpar on page 19 moved.


Underfull \hbox (badness 10000) in paragraph at lines 57--57
[][]\T1/pplj/m/n/8 .M dé-signe la masse dans le vo-lume de
 []


Underfull \hbox (badness 10000) in paragraph at lines 57--57
\T1/pplj/m/n/8 contrôle (conser-vée au cours du temps)
 []


LaTeX Warning: Marginpar on page 19 moved.

[19]
Underfull \hbox (badness 10000) in paragraph at lines 61--61
[][]\T1/pplj/m/n/8 .l'énergie po-ten-tielle de gra-vi-ta-tion
 []


Underfull \hbox (badness 10000) in paragraph at lines 61--61
\T1/pplj/m/n/8 est consi-dé-rée nulle à l'in-fini. L'éner-gie
 []


Underfull \hbox (badness 10000) in paragraph at lines 61--61
\T1/pplj/m/n/8 po-ten-tielle d'une co-quille de rayon $\OML/zplm/m/it/8 r$
 []


Underfull \hbox (badness 7116) in paragraph at lines 61--61
\T1/pplj/m/n/8 ne dé-pend que de $\OML/zplm/m/it/8 M\OT1/zplm/m/n/8 (\OML/zplm/
m/it/8 < r\OT1/zplm/m/n/8 )$\T1/pplj/m/n/8 , la masse à
 []


LaTeX Warning: Marginpar on page 20 moved.

[20]
Underfull \hbox (badness 10000) in paragraph at lines 100--100
[][]\T1/pplj/m/n/8 .ce choix est ar-bi-traire, le même rai-son-
 []


Underfull \hbox (badness 10000) in paragraph at lines 100--100
\T1/pplj/m/n/8 ne-ment peut être tenu pour n'im-porte
 []


Underfull \hbox (badness 10000) in paragraph at lines 100--100
\T1/pplj/m/n/8 quelle ga-laxie à l'in-té-rieur du vo-lume
 []


Underfull \hbox (badness 10000) in paragraph at lines 100--100
[][]\T1/pplj/m/n/8 .notons que le mou-ve-ment est pu-re-
 []


Underfull \hbox (badness 10000) in paragraph at lines 100--100
\T1/pplj/m/n/8 ment ra-dial en l'ab-sence de mou-ve-
 []


Underfull \hbox (badness 10000) in paragraph at lines 100--100
\T1/pplj/m/n/8 ments ini-tiaux tan-gen-tiels. $\OML/zplm/m/it/8 M\OT1/zplm/m/n/
8 (\OML/zplm/m/it/8 < R\OT1/zplm/m/n/8 )$
 []


Underfull \hbox (badness 10000) in paragraph at lines 100--100
\T1/pplj/m/n/8 dé-signe la masse à l'in-té-rieur du rayon
 []


Underfull \hbox (badness 10000) in paragraph at lines 100--100
\T1/pplj/m/n/8 R et la force res-sen-tie par la ga-laxie
 []


Underfull \hbox (badness 10000) in paragraph at lines 100--100
\T1/pplj/m/n/8 est celle crée par toute cette masse
 []


LaTeX Warning: Marginpar on page 21 moved.


LaTeX Warning: Marginpar on page 21 moved.


LaTeX Warning: Marginpar on page 21 moved.

[21]

LaTeX Warning: Marginpar on page 22 moved.


Underfull \hbox (badness 10000) in paragraph at lines 122--122
[][]\T1/pplj/m/n/8 .par ana-lo-gie avec le terme en den-sité
 []


Underfull \hbox (badness 10000) in paragraph at lines 122--122
\T1/pplj/m/n/8 qui va-rie en $\OML/zplm/m/it/8 a[]$ \T1/pplj/m/n/8 alors que ce
-lui ci va-rie
 []


LaTeX Warning: Marginpar on page 22 moved.


Underfull \hbox (badness 10000) in paragraph at lines 124--124
[][]\T1/pplj/m/n/8 .ici on ne consi-dère que la so-lu-tion
 []


Underfull \hbox (badness 10000) in paragraph at lines 124--124
\T1/pplj/m/n/8 crois-sante, cor-res-pon-dant à l'Uni-vers
 []


LaTeX Warning: Marginpar on page 22 moved.


Underfull \hbox (badness 10000) in paragraph at lines 147--147
\T1/pplj/m/n/8 sug-gé-rait déjà que $\OML/zplm/m/it/8 H$ \T1/pplj/m/n/8 consti-
tuait l'in-
 []

[22]

LaTeX Warning: Marginpar on page 23 moved.


Underfull \hbox (badness 10000) in paragraph at lines 155--155
[][]\T1/pplj/m/n/8 .voir par exemple \T1/pplj/m/it/8 Phy-si-cal Cos-mo-lo-gye
 []


Underfull \hbox (badness 10000) in paragraph at lines 155--155
[][]\T1/pplj/m/n/8 .De la même fa-çon, quel est le champ
 []


Underfull \hbox (badness 10000) in paragraph at lines 155--155
\T1/pplj/m/n/8 new-to-nien de gra-vi-ta-tion crée à l'in-
 []


Underfull \hbox (badness 10000) in paragraph at lines 155--155
\T1/pplj/m/n/8 té-rieur d'une sphère creuse. D'après
 []


Underfull \hbox (badness 10000) in paragraph at lines 155--155
\T1/pplj/m/n/8 le théo-rème de Bir-khoff, la ré-ponse
 []


Underfull \hbox (badness 10000) in paragraph at lines 155--155
\T1/pplj/m/n/8 est un champ de gra-vi-ta-tion nul, dont
 []


Underfull \hbox (badness 10000) in paragraph at lines 155--155
\T1/pplj/m/n/8 l'équi-valent re-la-ti-viste est une ab-sence
 []


LaTeX Warning: Marginpar on page 23 moved.


LaTeX Warning: Marginpar on page 23 moved.


Underfull \hbox (badness 10000) in paragraph at lines 167--167
[][]\T1/pplj/m/n/8 .$\OML/zplm/m/it/8 ^^O$ \T1/pplj/m/n/8 dé-signe la den-sité 
d'éner-gie as-so-
 []


Underfull \hbox (badness 10000) in paragraph at lines 167--167
\T1/pplj/m/n/8 cié à l'éner-gie en ques-tion et $\OML/zplm/m/it/8 P$ \T1/pplj/m
/n/8 est sa
 []

[23]

LaTeX Warning: Marginpar on page 24 moved.


LaTeX Warning: Marginpar on page 24 moved.

) [24]
\openout2 = `fondamentaux.aux'.

 (./fondamentaux.tex [25



]

Package hyperref Warning: Suppressing empty link on input line 20.

[26] [27] [28] [29] [30]
Overfull \hbox (16.70918pt too wide) in paragraph at lines 77--79
\T1/pplj/m/n/10 sca-laire don-nant la dis-tance cou-verte par un in-ter-valle $
\OT1/zplm/m/n/10 (\OML/zplm/m/it/10 dx[]\OT1/pplx/m/n/10 , \OML/zplm/m/it/10 dx
[]\OT1/pplx/m/n/10 , \OML/zplm/m/it/10 dx[]\OT1/pplx/m/n/10 , \OML/zplm/m/it/10
 dx[]\OT1/zplm/m/n/10 )$\T1/pplj/m/n/10 . 
 []

[31] [32] [33] [34] [35] [36]
Overfull \hbox (9.50972pt too wide) in paragraph at lines 214--215
[]\T1/pplj/m/n/10 En gé-né-ra-li-sant cette ex-pres-sion, on ob-tient le ten-se
ur des contraintes 
 []

[37]) [38] [39]
\openout2 = `homogene.aux'.

 (./homogene.tex [40



]
<figs/fluides.png, id=553, 792.9625pt x 631.35875pt>
File: figs/fluides.png Graphic file (type png)
 <use figs/fluides.png>
Package pdftex.def Info: figs/fluides.png used on input line 15.
(pdftex.def)             Requested size: 312.00073pt x 248.41577pt.

[41] [42 <./figs/fluides.png>] [43] [44] [45]
<figs/era.png, id=604, 578.16pt x 433.62pt>
File: figs/era.png Graphic file (type png)
 <use figs/era.png>
Package pdftex.def Info: figs/era.png used on input line 141.
(pdftex.def)             Requested size: 311.99884pt x 233.99913pt.


LaTeX Warning: `h' float specifier changed to `ht'.

[46] [47 <./figs/era.png>]
Underfull \hbox (badness 10000) in paragraph at lines 174--174
[][]\T1/pplj/m/n/8 .de même que l'in-va-riance par trans-la-
 []


Underfull \hbox (badness 10000) in paragraph at lines 174--174
\T1/pplj/m/n/8 tion spa-tiale im-plique une conser-va-tion
 []


Underfull \hbox (badness 10000) in paragraph at lines 174--174
\T1/pplj/m/n/8 de l'im-pul-sion ou l'in-va-riance par
 []


Underfull \hbox (badness 10000) in paragraph at lines 174--174
\T1/pplj/m/n/8 ro-ta-tion im-plique une conser-va-tion du
 []


LaTeX Warning: Marginpar on page 48 moved.

[48] [49] [50] [51] [52] [53]
<figs/a2t_cosmo.png, id=681, 578.16pt x 433.62pt>
File: figs/a2t_cosmo.png Graphic file (type png)
 <use figs/a2t_cosmo.png>
Package pdftex.def Info: figs/a2t_cosmo.png used on input line 301.
(pdftex.def)             Requested size: 311.99884pt x 233.99913pt.
)
[54 <./figs/a2t_cosmo.png>]
\openout2 = `chaud.aux'.

 (./chaud.tex [55



] [56] [57] [58] [59] [60] [61]
[62]) [63]
\openout2 = `thermique.aux'.

 (./thermique.tex [64



] [65] [66] [67] [68]
<figs/Nucleo.png, id=807, 341.275pt x 475.7775pt>
File: figs/Nucleo.png Graphic file (type png)
 <use figs/Nucleo.png>
Package pdftex.def Info: figs/Nucleo.png used on input line 103.
(pdftex.def)             Requested size: 265.32898pt x 369.89983pt.

[69 <./figs/Nucleo.png>]) [70]
\openout2 = `cmb.aux'.

 (./cmb.tex [71



]
<figs/recom.png, id=826, 578.16pt x 433.62pt>
File: figs/recom.png Graphic file (type png)
 <use figs/recom.png>
Package pdftex.def Info: figs/recom.png used on input line 37.
(pdftex.def)             Requested size: 311.99884pt x 233.99913pt.
 [72]
[73 <./figs/recom.png>] <figs/bb.png, id=845, 722.7pt x 576.1525pt>
File: figs/bb.png Graphic file (type png)

<use figs/bb.png>
Package pdftex.def Info: figs/bb.png used on input line 64.
(pdftex.def)             Requested size: 312.00104pt x 248.73416pt.
 [74] [75 <./figs/bb.png>]
<figs/planck2015.png, id=860, 3011.25pt x 1505.625pt>
File: figs/planck2015.png Graphic file (type png)

<use figs/planck2015.png>
Package pdftex.def Info: figs/planck2015.png used on input line 87.
(pdftex.def)             Requested size: 311.98634pt x 155.99316pt.
 [76 <./figs/planck2015.png>]
<figs/cl2015.png, id=867, 796.9775pt x 511.9125pt>
File: figs/cl2015.png Graphic file (type png)
 <use figs/cl2015.png>
Package pdftex.def Info: figs/cl2015.png used on input line 109.
(pdftex.def)             Requested size: 311.99957pt x 200.40276pt.

[77 <./figs/cl2015.png>] [78]
Overfull \hbox (2.16972pt too wide) in paragraph at lines 146--148
\T1/pplj/m/n/10 Dans un ré-gime de fluc-tua-tions adia-ba-tiques, les ré-gions 
plus chaudes 
 []

[79] [80] [81]) [82] [83]
\openout2 = `structures.aux'.

 (./structures.tex [84



] [85] [86]
Underfull \vbox (badness 1077) has occurred while \output is active []

 [87]
[88]
Overfull \hbox (14.32338pt too wide) in paragraph at lines 104--105
\T1/pplj/m/n/10 mode cor-res-pond à une onde so-nore de pul-sa-tion $\OML/zplm/
m/it/10 ! \OT1/zplm/m/n/10 = []$\T1/pplj/m/n/10 . 
 []

[89]
Underfull \hbox (badness 10000) in paragraph at lines 116--116
[][]\T1/pplj/m/n/8 .$\OML/zplm/m/it/8 ^^Z$ \T1/pplj/m/n/8 est la den-sité de ma
-tière, $[]$ la
 []


Underfull \hbox (badness 10000) in paragraph at lines 116--116
\T1/pplj/m/n/8 vi-tesse, $[]$ la po-si-tion phy-sique, $\OML/zplm/m/it/8 P$ \T1
/pplj/m/n/8 la
 []


LaTeX Warning: Marginpar on page 90 moved.


Underfull \hbox (badness 1210) in paragraph at lines 124--124
[][]\T1/pplj/m/n/8 .on rap-pelle que pour $\OML/zplm/m/it/8 f\OT1/zplm/m/n/8 (\
OML/zplm/m/it/8 r \OT1/zplm/m/n/8 = \OML/zplm/m/it/8 a\OT1/zplm/m/n/8 (\OML/zpl
m/m/it/8 t\OT1/zplm/m/n/8 )\OML/zplm/m/it/8 x\OT1/pplx/m/n/8 , \OML/zplm/m/it/8
 t\OT1/zplm/m/n/8 )$
 []


LaTeX Warning: Marginpar on page 90 moved.


Underfull \hbox (badness 10000) in paragraph at lines 132--132
[][]\T1/pplj/m/n/8 .le terme $[][]$ peut fa-ci-le-ment se ré-ecrire
 []

[90]

LaTeX Warning: Marginpar on page 91 moved.


Underfull \hbox (badness 10000) in paragraph at lines 142--142
[][]\T1/pplj/m/n/8 .notez la dé-ri-vée tem-po-relle de
 []


LaTeX Warning: Marginpar on page 91 moved.


LaTeX Warning: Marginpar on page 91 moved.

[91]

LaTeX Warning: Marginpar on page 92 moved.


LaTeX Warning: Marginpar on page 92 moved.


LaTeX Warning: Marginpar on page 92 moved.

[92]) [93]
\openout2 = `entropie.aux'.

 (./entropie.tex [94



]
<figs/micro.png, id=1017, 319.1925pt x 374.39874pt>
File: figs/micro.png Graphic file (type png)
 <use figs/micro.png>
Package pdftex.def Info: figs/micro.png used on input line 15.
(pdftex.def)             Requested size: 97.02968pt x 113.81154pt.

Overfull \hbox (2.24973pt too wide) in paragraph at lines 12--19
\T1/pplj/m/n/10 émerge na-tu-rel-le-ment quand on consi-dère l'en-tro-pie micro
-canonique. 
 []

[95]
Underfull \hbox (badness 10000) in paragraph at lines 22--22
[][]\T1/pplj/m/n/8 .Par exemple, pour re-col-ler un verre
 []


Underfull \hbox (badness 10000) in paragraph at lines 22--22
\T1/pplj/m/n/8 il faut qu'un in-di-vidu s'at-telle à cette
 []


Underfull \hbox (badness 10000) in paragraph at lines 22--22
\T1/pplj/m/n/8 tâche. La ré-flexion de cet in-di-vidu va
 []


Underfull \hbox (badness 10000) in paragraph at lines 22--22
\T1/pplj/m/n/8 né-ces-sai-re-ment pro-duire de la cha-leur,
 []


Underfull \hbox (badness 10000) in paragraph at lines 22--22
\T1/pplj/m/n/8 cha-leur qui va glo-ba-le-ment aug-men-ter
 []

[96 <./figs/micro.png>]

LaTeX Warning: Marginpar on page 97 moved.

<figs/dispersion.png, id=1029, 431.6125pt x 319.1925pt>
File: figs/dispersion.png Graphic file (type png)

<use figs/dispersion.png>
Package pdftex.def Info: figs/dispersion.png used on input line 31.
(pdftex.def)             Requested size: 269.31589pt x 199.16849pt.

<figs/equiconfig.png, id=1031, 792.9625pt x 225.84375pt>
File: figs/equiconfig.png Graphic file (type png)

<use figs/equiconfig.png>
Package pdftex.def Info: figs/equiconfig.png used on input line 42.
(pdftex.def)             Requested size: 312.00073pt x 88.86096pt.

Underfull \vbox (badness 10000) has occurred while \output is active []

 [97 <./figs/dispersion.png>]
Underfull \hbox (badness 10000) in paragraph at lines 48--48
[][]\T1/pplj/m/n/8 .intuitivement cette du-rée $\OML/zplm/m/it/8 t[]$\T1/pplj/m
/n/8 est liée à la
 []


Underfull \hbox (badness 10000) in paragraph at lines 48--48
\T1/pplj/m/n/8 taille de la cuve $\OML/zplm/m/it/8 L$ \T1/pplj/m/n/8 et à la vi
-tesse ca-rac-
 []


Underfull \hbox (badness 10000) in paragraph at lines 48--48
\T1/pplj/m/n/8 on constate que l'équi-libre est d'au-
 []


Underfull \hbox (badness 10000) in paragraph at lines 48--48
\T1/pplj/m/n/8 tant plus ra-pi-de-ment at-teint que la
 []

<figs/equientro.png, id=1040, 556.0775pt x 231.86626pt>
File: figs/equientro.png Graphic file (type png)

<use figs/equientro.png>
Package pdftex.def Info: figs/equientro.png used on input line 52.
(pdftex.def)             Requested size: 312.00371pt x 130.0954pt.


LaTeX Warning: Marginpar on page 98 moved.

[98 <./figs/equiconfig.png>]
Underfull \hbox (badness 10000) in paragraph at lines 57--57
[][]\T1/pplj/m/n/8 .on dit aussi que l'\T1/pplj/m/it/8 on trouve le temps
 []


Underfull \hbox (badness 10000) in paragraph at lines 57--57
[][]\T1/pplj/m/n/8 .on dit aussi que l'on trouve que \T1/pplj/m/it/8 le
 []


LaTeX Warning: Marginpar on page 99 moved.


LaTeX Warning: Marginpar on page 99 moved.

<figs/melange.png, id=1048, 826.08624pt x 200.75pt>
File: figs/melange.png Graphic file (type png)
 <use figs/melange.png>
Package pdftex.def Info: figs/melange.png used on input line 64.
(pdftex.def)             Requested size: 312.00006pt x 75.82018pt.

[99 <./figs/equientro.png>]
Underfull \hbox (badness 10000) in paragraph at lines 74--74
[][]\T1/pplj/m/n/8 .étudiée en dé-tail dans la sec-tion
 []

[100 <./figs/melange.png>]

LaTeX Warning: Marginpar on page 101 moved.


Underfull \hbox (badness 10000) in paragraph at lines 76--76
[][]\T1/pplj/m/n/8 .typiquement 200 fois la den-sité
 []


LaTeX Warning: Marginpar on page 101 moved.

[101]
Underfull \hbox (badness 10000) in paragraph at lines 80--80
[][]\T1/pplj/m/n/8 .cette pro-duc-tion est ré-gie par la
 []


Underfull \hbox (badness 10000) in paragraph at lines 80--80
\T1/pplj/m/n/8 pré-sence d'élé-ments ra-dio-ac-tifs qui
 []


Underfull \hbox (badness 10000) in paragraph at lines 80--80
\T1/pplj/m/n/8 fi-nissent par s'épui-ser, cf. Ve-nus ou
 []


Underfull \hbox (badness 10000) in paragraph at lines 80--80
\T1/pplj/m/n/8 Mars qui ne pos-sèdent plus d'ac-ti-vité
 []


LaTeX Warning: Marginpar on page 102 moved.

<figs/fluctuation.png, id=1065, 699.61375pt x 229.85875pt>
File: figs/fluctuation.png Graphic file (type png)

<use figs/fluctuation.png>
Package pdftex.def Info: figs/fluctuation.png used on input line 90.
(pdftex.def)             Requested size: 312.00502pt x 102.50952pt.
 [102]
Underfull \hbox (badness 10000) in paragraph at lines 104--104
[][]\T1/pplj/m/n/8 .on com-prend ai-sé-ment qu'un état à
 []


Underfull \hbox (badness 10000) in paragraph at lines 104--104
\T1/pplj/m/n/8 grand nombre de confi-gu-ra-tions est
 []


Underfull \hbox (badness 10000) in paragraph at lines 104--104
\T1/pplj/m/n/8 plus pro-bable qu'un autre à moins de
 []

)

LaTeX Warning: Marginpar on page 103 moved.

[103 <./figs/fluctuation.png>] [104]
\openout2 = `inflation.aux'.

 (./inflation.tex
Underfull \hbox (badness 10000) in paragraph at lines 5--5
[][]\T1/pplj/m/n/8 .on rap-pelle que c'est cette iso-tro-pie
 []


Underfull \hbox (badness 10000) in paragraph at lines 5--5
\T1/pplj/m/n/8 qui in-tri-gua Pen-zias & Wil-son lors de
 []


LaTeX Warning: Marginpar on page 105 moved.


Underfull \hbox (badness 10000) in paragraph at lines 7--7
[][]\T1/pplj/m/n/8 .correspondant à une fré-quence
 []


LaTeX Warning: Marginpar on page 105 moved.

[105



]
Underfull \hbox (badness 10000) in paragraph at lines 21--21
[][]\T1/pplj/m/n/8 .on rap-pelle que l'iso-tro-pie est ob-
 []


Underfull \hbox (badness 10000) in paragraph at lines 21--21
\T1/pplj/m/n/8 ser-vée sur toute la sur-face de der-nière
 []


Underfull \hbox (badness 10000) in paragraph at lines 21--21
\T1/pplj/m/n/8 dif-fu-sion, dont le rayon est de l'ordre
 []


LaTeX Warning: Marginpar on page 106 moved.

[106]) [107]
\openout2 = `simulation.aux'.

 (./simulation.tex [108



]
Underfull \hbox (badness 10000) in paragraph at lines 3--3
[][]\T1/pplj/m/n/8 .on peut men-tion-ner les os-cil-la-tions
 []


Underfull \hbox (badness 10000) in paragraph at lines 3--3
\T1/pplj/m/n/8 ba-ryo-niques ac-cous-tiques dans le fond
 []


Underfull \hbox (badness 10000) in paragraph at lines 3--3
\T1/pplj/m/n/8 la pré-sence d'amas de ga-laxies dans
 []


Package hyperref Warning: Suppressing empty link on input line 3.


Underfull \hbox (badness 10000) in paragraph at lines 3--3
[][]\T1/pplj/m/n/8 .tel le mo-dèle d'ef-fon-dre-ment sphé-
 []


LaTeX Warning: Marginpar on page 109 moved.


LaTeX Warning: Marginpar on page 109 moved.

[109] [110]
Overfull \hbox (11.42976pt too wide) in paragraph at lines 21--22
[]\T1/pplj/m/n/10 Considérons dans un pre-mier temps la com-po-sante non-collis
ionnelle 
 []


Underfull \hbox (badness 10000) in paragraph at lines 25--25
[][]\T1/pplj/m/n/8 .par la suite on né-gli-gera la forme
 []


Underfull \hbox (badness 10000) in paragraph at lines 25--25
\T1/pplj/m/n/8 vec-to-rielle des po-si-tions et vi-tesses
 []


Underfull \hbox (badness 10000) in paragraph at lines 25--25
\T1/pplj/m/n/8 en se ra-me-nant à un pro-blème 1D. La
 []


Underfull \hbox (badness 10000) in paragraph at lines 25--25
\T1/pplj/m/n/8 gé-né-ra-li-sa-tion à 3D ne po-sant pas de
 []


LaTeX Warning: Marginpar on page 111 moved.

[111]

LaTeX Warning: Marginpar on page 112 moved.


Underfull \hbox (badness 10000) in paragraph at lines 44--44
[][]\T1/pplj/m/n/8 .on sup-pose que toutes les par-ti-cules
 []


Underfull \hbox (badness 10000) in paragraph at lines 44--44
\T1/pplj/m/n/8 sont de masse $\OML/zplm/m/it/8 m$\T1/pplj/m/n/8 . $\OML/zplm/m/
it/8 r[]$ \T1/pplj/m/n/8 dé-signe la dis-tance
 []


Underfull \hbox (badness 10000) in paragraph at lines 44--44
\T1/pplj/m/n/8 entre les par-ti-cules i et j, tan-dis que $[]\OML/zplm/m/it/8 j
$
 []


LaTeX Warning: Marginpar on page 112 moved.

[112] <figs/PM.png, id=1123, 450.68375pt x 356.33125pt>
File: figs/PM.png Graphic file (type png)
 <use figs/PM.png>
Package pdftex.def Info: figs/PM.png used on input line 65.
(pdftex.def)             Requested size: 215.92pt x 170.71625pt.

[113 <./figs/PM.png>]
Underfull \vbox (badness 10000) has occurred while \output is active []

 [114]
Underfull \hbox (badness 10000) in paragraph at lines 80--80
[][]\T1/pplj/m/n/8 .représentées ici à 1D. On y dis-tingue
 []


Underfull \hbox (badness 10000) in paragraph at lines 80--80
\T1/pplj/m/n/8 l'équa-tion de la conser-va-tion de la
 []


Underfull \hbox (badness 10000) in paragraph at lines 80--80
\T1/pplj/m/n/8 masse et de l'im-pul-sion. $\OML/zplm/m/it/8 ^^Z\OT1/zplm/m/n/8 
(\OML/zplm/m/it/8 x\OT1/pplx/m/n/8 , \OML/zplm/m/it/8 t\OT1/zplm/m/n/8 )$ \T1/p
plj/m/n/8 dé-signe
 []


Underfull \hbox (badness 10000) in paragraph at lines 80--80
\T1/pplj/m/n/8 la den-sité de gaz, $\OML/zplm/m/it/8 v\OT1/zplm/m/n/8 (\OML/zpl
m/m/it/8 x\OT1/pplx/m/n/8 , \OML/zplm/m/it/8 t\OT1/zplm/m/n/8 )$ \T1/pplj/m/n/8
 sa vi-tesse,
 []


Underfull \hbox (badness 10000) in paragraph at lines 80--80
\OML/zplm/m/it/8 P\OT1/zplm/m/n/8 (\OML/zplm/m/it/8 x\OT1/pplx/m/n/8 , \OML/zpl
m/m/it/8 t\OT1/zplm/m/n/8 )$ \T1/pplj/m/n/8 sa pres-sion et $\OML/zplm/m/it/8 ^
^^\OT1/zplm/m/n/8 (\OML/zplm/m/it/8 x\OT1/pplx/m/n/8 , \OML/zplm/m/it/8 t\OT1/z
plm/m/n/8 )$ \T1/pplj/m/n/8 le po-ten-tiel
 []


LaTeX Warning: Marginpar on page 115 moved.


Underfull \hbox (badness 10000) in paragraph at lines 85--85
[][]\T1/pplj/m/n/8 .il s'agit juste d'une for-mu-la-tion al-ter-
 []


Underfull \hbox (badness 10000) in paragraph at lines 85--85
\T1/pplj/m/n/8 na-tive du prin-cipe fon-da-men-tal de la
 []


LaTeX Warning: Marginpar on page 115 moved.

[115]
Underfull \hbox (badness 10000) in paragraph at lines 124--124
[][]\T1/pplj/m/n/8 .Notons que la même chose existe
 []


Underfull \hbox (badness 10000) in paragraph at lines 124--124
\T1/pplj/m/n/8 pour les par-ti-cules de la par-tie pré-cé-
 []


Underfull \hbox (badness 10000) in paragraph at lines 124--124
\T1/pplj/m/n/8 dente. Si l'on sou-haite qu'une par-ti-cule
 []


Underfull \hbox (badness 10000) in paragraph at lines 124--124
\T1/pplj/m/n/8 ne par-coure pas une trop grande dis-
 []


Underfull \hbox (badness 10000) in paragraph at lines 124--124
\T1/pplj/m/n/8 tance du-rant un pas de temps, il faut
 []

) [116]

LaTeX Warning: Marginpar on page 117 moved.

[117] [118


] (./main.bblpdfTeX warning (ext4): destination with the same identifier (name{
cite.Tufte1990}) has been already used, duplicate ignored
<to be read again> 
                   \relax 
l.14 \bibitem[Tufte(1990)]{Tufte1990}
                                     pdfTeX warning (ext4): destination with th
e same identifier (name{cite.Tufte1997}) has been already used, duplicate ignor
ed
<to be read again> 
                   \relax 
l.20 \bibitem[Tufte(1997)]{Tufte1997}
                                     pdfTeX warning (ext4): destination with th
e same identifier (name{cite.Tufte2001}) has been already used, duplicate ignor
ed
<to be read again> 
                   \relax 
l.26 \bibitem[Tufte(2001)]{Tufte2001}
                                     pdfTeX warning (ext4): destination with th
e same identifier (name{cite.Tufte2006}) has been already used, duplicate ignor
ed
<to be read again> 
                   \relax 
l.32 \bibitem[Tufte(2006)]{Tufte2006}
                                     ) (./main.ind [119

] [120

])
Package atveryend Info: Empty hook `BeforeClearDocument' on input line 1204.
 [121]
Package atveryend Info: Empty hook `AfterLastShipout' on input line 1204.

(./main.aux (./connaissance.aux) (./newton.aux) (./fondamentaux.aux)
(./homogene.aux) (./chaud.aux) (./thermique.aux) (./cmb.aux) (./structures.aux)
(./entropie.aux) (./inflation.aux) (./simulation.aux))
Package atveryend Info: Executing hook `AtVeryEndDocument' on input line 1204.
Package atveryend Info: Executing hook `AtEndAfterFileList' on input line 1204.

Package rerunfilecheck Info: File `main.out' has not changed.
(rerunfilecheck)             Checksum: 7CC4B9F778490CCA86F0BEB2C8F04AAE;10334.
Package atveryend Info: Empty hook `AtVeryVeryEnd' on input line 1204.
 ) 
Here is how much of TeX's memory you used:
 15173 strings out of 493089
 212876 string characters out of 6134841
 421450 words of memory out of 5000000
 17753 multiletter control sequences out of 15000+600000
 99295 words of font info for 145 fonts, out of 8000000 for 9000
 1141 hyphenation exceptions out of 8191
 40i,13n,58p,1829b,738s stack positions out of 5000i,500n,10000p,200000b,80000s
{/usr/local/texlive/2015/texmf-dist/fonts/enc/dvips/base/8r.enc}</usr/local/t
exlive/2015/texmf-dist/fonts/type1/public/amsfonts/cm/cmex10.pfb></usr/local/te
xlive/2015/texmf-dist/fonts/type1/public/amsfonts/cm/cmmi10.pfb></usr/local/tex
live/2015/texmf-dist/fonts/type1/public/amsfonts/cm/cmr10.pfb></usr/local/texli
ve/2015/texmf-dist/fonts/type1/public/amsfonts/cm/cmsy10.pfb></usr/local/texliv
e/2015/texmf-dist/fonts/type1/public/mathpazo/fplmr.pfb></usr/local/texlive/201
5/texmf-dist/fonts/type1/public/mathpazo/fplmri.pfb></usr/local/texlive/2015/te
xmf-dist/fonts/type1/public/fpl/fplrc8a.pfb></usr/local/texlive/2015/texmf-dist
/fonts/type1/public/fpl/fplrij8a.pfb></usr/local/texlive/2015/texmf-dist/fonts/
type1/public/bera/fvmr8a.pfb></usr/local/texlive/2015/texmf-dist/fonts/type1/ur
w/helvetic/uhvr8a.pfb></usr/local/texlive/2015/texmf-dist/fonts/type1/urw/palat
ino/uplbi8a.pfb></usr/local/texlive/2015/texmf-dist/fonts/type1/urw/palatino/up
lr8a.pfb></usr/local/texlive/2015/texmf-dist/fonts/type1/urw/palatino/uplri8a.p
fb>
Output written on main.pdf (121 pages, 5120158 bytes).
PDF statistics:
 1345 PDF objects out of 1440 (max. 8388607)
 1150 compressed objects within 12 object streams
 491 named destinations out of 1000 (max. 500000)
 3574 words of extra memory for PDF output out of 10000 (max. 10000000)

