\BOOKMARK [0][-]{chapter*.3}{\376\377\000E\000t\000a\000t\000\040\000d\000e\000s\000\040\000c\000o\000n\000n\000a\000i\000s\000s\000a\000n\000c\000e\000s}{}% 1
\BOOKMARK [1][-]{section*.4}{\376\377\000O\000b\000s\000e\000r\000v\000a\000t\000i\000o\000n\000\040\000f\000o\000n\000d\000a\000m\000e\000n\000t\000a\000l\000e\000\040\000:\000\040\000l\000e\000\040\000d\000\351\000c\000a\000l\000a\000g\000e\000\040\000v\000e\000r\000s\000\040\000l\000e\000\040\000r\000o\000u\000g\000e}{chapter*.3}% 2
\BOOKMARK [1][-]{section*.5}{\376\377\000P\000r\000o\000p\000r\000i\000\351\000t\000\351\000s\000\040\000g\000\351\000n\000\351\000r\000a\000l\000e\000s\000\040\000d\000e\000\040\000l\000'\000U\000n\000i\000v\000e\000r\000s}{chapter*.3}% 3
\BOOKMARK [1][-]{section*.20}{\376\377\000U\000n\000e\000\040\000H\000i\000s\000t\000o\000i\000r\000e\000\040\000d\000u\000\040\000C\000o\000s\000m\000o\000s}{chapter*.3}% 4
\BOOKMARK [0][-]{chapter*.21}{\376\377\000P\000r\000\351\000l\000u\000d\000e\000:\000\040\000C\000o\000s\000m\000o\000l\000o\000g\000i\000e\000\040\000N\000e\000w\000t\000o\000n\000i\000e\000n\000n\000e}{}% 5
\BOOKMARK [1][-]{section*.22}{\376\377\000Q\000u\000e\000l\000q\000u\000e\000s\000\040\000\351\000l\000\351\000m\000e\000n\000t\000s\000\040\000d\000e\000\040\000d\000y\000n\000a\000m\000i\000q\000u\000e}{chapter*.21}% 6
\BOOKMARK [1][-]{section*.23}{\376\377\000E\000q\000u\000a\000t\000i\000o\000n\000\040\000d\000e\000\040\000F\000r\000i\000e\000d\000m\000a\000n\000n}{chapter*.21}% 7
\BOOKMARK [1][-]{section*.24}{\376\377\000C\000o\000m\000m\000e\000n\000t\000a\000i\000r\000e\000\040\000s\000u\000r\000\040\000l\000a\000\040\000v\000a\000l\000i\000d\000i\000t\000\351\000\040\000d\000u\000\040\000m\000o\000d\000\350\000l\000e}{chapter*.21}% 8
\BOOKMARK [0][-]{chapter*.25}{\376\377\000C\000o\000n\000c\000e\000p\000t\000s\000\040\000F\000o\000n\000d\000a\000m\000e\000n\000t\000a\000u\000x}{}% 9
\BOOKMARK [1][-]{section*.26}{\376\377\000D\000\351\000f\000i\000n\000i\000t\000i\000o\000n\000\040\000d\000e\000\040\000l\000'\000U\000n\000i\000v\000e\000r\000s\000\040\000e\000t\000\040\000d\000e\000\040\000l\000a\000\040\000C\000o\000s\000m\000o\000l\000o\000g\000i\000e}{chapter*.25}% 10
\BOOKMARK [1][-]{section*.27}{\376\377\000P\000r\000i\000n\000c\000i\000p\000e\000\040\000C\000o\000s\000m\000o\000l\000o\000g\000i\000q\000u\000e}{chapter*.25}% 11
\BOOKMARK [1][-]{section*.30}{\376\377\000R\000e\000l\000a\000t\000i\000v\000i\000t\000\351\000\040\000G\000\351\000n\000\351\000r\000a\000l\000e\000:\000\040\000n\000o\000t\000i\000o\000n\000s}{chapter*.25}% 12
\BOOKMARK [1][-]{section*.39}{\376\377\000E\000q\000u\000a\000t\000i\000o\000n\000s\000\040\000d\000e\000\040\000F\000r\000i\000e\000d\000m\000a\000n\000n}{chapter*.25}% 13
\BOOKMARK [0][-]{chapter*.40}{\376\377\000D\000y\000n\000a\000m\000i\000q\000u\000e\000\040\000d\000e\000\040\000l\000'\000U\000n\000i\000v\000e\000r\000s\000\040\000H\000o\000m\000o\000g\000\350\000n\000e}{}% 14
\BOOKMARK [1][-]{section*.41}{\376\377\000F\000l\000u\000i\000d\000e\000s\000\040\000C\000o\000s\000m\000o\000l\000o\000g\000i\000q\000u\000e\000s}{chapter*.40}% 15
\BOOKMARK [1][-]{section*.45}{\376\377\000E\000p\000o\000q\000u\000e\000s\000\040\000d\000e\000\040\000d\000o\000m\000i\000n\000a\000t\000i\000o\000n}{chapter*.40}% 16
\BOOKMARK [1][-]{section*.48}{\376\377\000M\000o\000d\000\350\000l\000e\000s\000\040\000d\000'\000U\000n\000i\000v\000e\000r\000s}{chapter*.40}% 17
\BOOKMARK [0][-]{chapter*.53}{\376\377\000l\000'\000U\000n\000i\000v\000e\000r\000s\000\040\000C\000h\000a\000u\000d}{}% 18
\BOOKMARK [1][-]{section*.54}{\376\377\000E\000q\000u\000i\000l\000i\000b\000r\000e\000\040\000\046\000\040\000G\000e\000l\000\040\000d\000e\000\040\000R\000\351\000a\000c\000t\000i\000o\000n\000s}{chapter*.53}% 19
\BOOKMARK [1][-]{section*.55}{\376\377\000S\000t\000a\000t\000i\000s\000t\000i\000q\000u\000e\000\040\000d\000'\000u\000n\000\040\000g\000a\000z}{chapter*.53}% 20
\BOOKMARK [1][-]{section*.56}{\376\377\000L\000e\000s\000\040\000p\000h\000o\000t\000o\000n\000s}{chapter*.53}% 21
\BOOKMARK [1][-]{section*.57}{\376\377\000H\000i\000s\000t\000o\000i\000r\000e\000\040\000d\000e\000\040\000l\000a\000\040\000T\000e\000m\000p\000\351\000r\000a\000t\000u\000r\000e}{chapter*.53}% 22
\BOOKMARK [1][-]{section*.58}{\376\377\000E\000v\000o\000l\000u\000t\000i\000o\000n\000\040\000d\000e\000s\000\040\000a\000b\000o\000n\000d\000a\000n\000c\000e\000s}{chapter*.53}% 23
\BOOKMARK [1][-]{section*.62}{\376\377\000A\000b\000o\000n\000d\000a\000n\000c\000e\000s\000\040\000r\000\351\000s\000i\000d\000u\000e\000l\000l\000e\000s}{chapter*.53}% 24
\BOOKMARK [1][-]{section*.63}{\376\377\000A\000s\000y\000m\000\351\000t\000r\000i\000e\000\040\000M\000a\000t\000i\000\350\000r\000e\000-\000A\000n\000t\000i\000m\000a\000t\000i\000\350\000r\000e}{chapter*.53}% 25
\BOOKMARK [0][-]{chapter*.64}{\376\377\000H\000i\000s\000t\000o\000i\000r\000e\000\040\000t\000h\000e\000r\000m\000i\000q\000u\000e\000\040\000d\000e\000\040\000l\000'\000U\000n\000i\000v\000e\000r\000s\000\040\000e\000t\000\040\000N\000u\000c\000l\000\351\000o\000s\000y\000n\000t\000h\000\350\000s\000e\000\040\000p\000r\000i\000m\000o\000r\000d\000i\000a\000l\000e}{}% 26
\BOOKMARK [1][-]{section*.65}{\376\377\000Q\000u\000e\000l\000q\000u\000e\000s\000\040\000\351\000t\000a\000p\000e\000s}{chapter*.64}% 27
\BOOKMARK [1][-]{section*.67}{\376\377\000S\000y\000n\000t\000h\000\350\000s\000e\000\040\000d\000e\000\040\000l\000'\000h\000\351\000l\000i\000u\000m}{chapter*.64}% 28
\BOOKMARK [1][-]{section*.72}{\376\377\000N\000u\000c\000l\000\351\000o\000s\000y\000n\000t\000h\000\350\000s\000e\000\040\000e\000t\000\040\000C\000o\000s\000m\000o\000l\000o\000g\000i\000e}{chapter*.64}% 29
\BOOKMARK [0][-]{chapter*.73}{\376\377\000L\000e\000\040\000F\000o\000n\000d\000\040\000D\000i\000f\000f\000u\000s\000\040\000C\000o\000s\000m\000o\000l\000o\000g\000i\000q\000u\000e}{}% 30
\BOOKMARK [1][-]{section*.74}{\376\377\000R\000e\000c\000o\000m\000b\000i\000n\000a\000i\000s\000o\000n}{chapter*.73}% 31
\BOOKMARK [1][-]{section*.75}{\376\377\000S\000u\000r\000f\000a\000c\000e\000\040\000d\000e\000\040\000d\000e\000r\000n\000i\000\350\000r\000e\000\040\000d\000i\000f\000f\000u\000s\000i\000o\000n}{chapter*.73}% 32
\BOOKMARK [1][-]{section*.78}{\376\377\000C\000o\000r\000p\000s\000\040\000n\000o\000i\000r\000\040\000c\000o\000s\000m\000o\000l\000o\000g\000i\000q\000u\000e}{chapter*.73}% 33
\BOOKMARK [1][-]{section*.79}{\376\377\000A\000n\000i\000s\000o\000t\000r\000o\000p\000i\000e\000s\000\040\000d\000u\000\040\000C\000M\000B}{chapter*.73}% 34
\BOOKMARK [0][-]{chapter*.92}{\376\377\000L\000a\000\040\000M\000a\000t\000i\000\350\000r\000e\000\040\000N\000o\000i\000r\000e}{}% 35
\BOOKMARK [1][-]{section*.93}{\376\377\000M\000a\000t\000i\000\350\000r\000e\000\040\000n\000o\000i\000r\000e\000\040\000e\000t\000\040\000d\000y\000n\000a\000m\000i\000q\000u\000e\000\040\000i\000n\000t\000e\000r\000n\000e\000\040\000d\000e\000s\000\040\000s\000t\000r\000u\000c\000t\000u\000r\000e\000s}{chapter*.92}% 36
\BOOKMARK [1][-]{section*.97}{\376\377\000M\000a\000t\000i\000\350\000r\000e\000\040\000N\000o\000n\000-\000C\000o\000l\000l\000i\000s\000i\000o\000n\000n\000e\000l\000l\000e}{chapter*.92}% 37
\BOOKMARK [1][-]{section*.99}{\376\377\000M\000a\000t\000i\000\350\000r\000e\000\040\000n\000o\000i\000r\000e\000\040\000e\000t\000\040\000f\000o\000n\000d\000\040\000d\000i\000f\000f\000u\000s\000\040\000c\000o\000s\000m\000o\000l\000o\000g\000i\000q\000u\000e}{chapter*.92}% 38
\BOOKMARK [1][-]{section*.100}{\376\377\000M\000a\000t\000i\000\350\000r\000e\000\040\000N\000o\000i\000r\000e\000\040\000F\000r\000o\000i\000d\000e}{chapter*.92}% 39
\BOOKMARK [1][-]{section*.102}{\376\377\000H\000a\000l\000o\000s\000\040\000d\000e\000\040\000m\000a\000t\000i\000\350\000r\000e\000\040\000n\000o\000i\000r\000e\000\040\000e\000t\000\040\000g\000a\000l\000a\000x\000i\000e\000s\000\040\000:\000\040\000d\000i\000f\000f\000i\000c\000u\000l\000t\000\351\000s}{chapter*.92}% 40
\BOOKMARK [0][-]{chapter*.105}{\376\377\000F\000o\000r\000m\000a\000t\000i\000o\000n\000\040\000d\000e\000s\000\040\000g\000r\000a\000n\000d\000e\000s\000\040\000s\000t\000r\000u\000c\000t\000u\000r\000e\000s}{}% 41
\BOOKMARK [1][-]{section*.106}{\376\377\000D\000e\000n\000s\000i\000t\000\351\000\040\000e\000t\000\040\000s\000p\000e\000c\000t\000r\000e\000\040\000d\000e\000\040\000p\000u\000i\000s\000s\000a\000n\000c\000e}{chapter*.105}% 42
\BOOKMARK [1][-]{section*.108}{\376\377\000L\000o\000n\000g\000u\000e\000u\000r\000\040\000d\000e\000\040\000J\000e\000a\000n\000s}{chapter*.105}% 43
\BOOKMARK [1][-]{section*.111}{\376\377\000C\000r\000o\000i\000s\000s\000a\000n\000c\000e\000\040\000d\000e\000s\000\040\000p\000e\000r\000t\000u\000r\000b\000a\000t\000i\000o\000n\000s\000\040\000:\000\040\000c\000a\000s\000\040\000s\000u\000b\000-\000h\000o\000r\000i\000z\000o\000n}{chapter*.105}% 44
\BOOKMARK [1][-]{section*.114}{\376\377\000C\000r\000o\000i\000s\000s\000a\000n\000c\000e\000\040\000d\000e\000s\000\040\000p\000e\000r\000t\000u\000r\000b\000a\000t\000i\000o\000n\000s\000\040\000:\000\040\000c\000a\000s\000\040\000s\000u\000p\000e\000r\000-\000h\000o\000r\000i\000z\000o\000n}{chapter*.105}% 45
\BOOKMARK [1][-]{section*.115}{\376\377\000C\000r\000o\000i\000s\000s\000a\000n\000c\000e\000\040\000d\000e\000s\000\040\000p\000e\000r\000t\000u\000r\000b\000a\000t\000i\000o\000n\000s\000\040\000:\000\040\000s\000y\000n\000t\000h\000\350\000s\000e\000\040\000e\000t\000\040\000s\000p\000e\000c\000t\000r\000e\000\040\000d\000e\000\040\000p\000u\000i\000s\000s\000a\000n\000c\000e}{chapter*.105}% 46
\BOOKMARK [1][-]{section*.116}{\376\377\000E\000t\000\040\000a\000p\000r\000\350\000s\000\040\000?}{chapter*.105}% 47
\BOOKMARK [0][-]{chapter*.117}{\376\377\000F\000o\000r\000m\000a\000t\000i\000o\000n\000\040\000d\000e\000s\000\040\000'\000p\000e\000t\000i\000t\000e\000s\000'\000\040\000s\000t\000r\000u\000c\000t\000u\000r\000e\000s}{}% 48
\BOOKMARK [1][-]{section*.118}{\376\377\000A\000u\000-\000d\000e\000l\000\340\000\040\000d\000u\000\040\000r\000\351\000g\000i\000m\000e\000\040\000l\000i\000n\000\351\000a\000i\000r\000e\000\040\000:\000\040\000l\000e\000\040\000m\000o\000d\000\350\000l\000e\000\040\000d\000'\000e\000f\000f\000o\000n\000d\000r\000e\000m\000e\000n\000t\000\040\000s\000p\000h\000\351\000r\000i\000q\000u\000e}{chapter*.117}% 49
\BOOKMARK [1][-]{section*.119}{\376\377\000P\000r\000o\000p\000r\000i\000\351\000t\000\351\000s\000\040\000g\000\351\000n\000\351\000r\000i\000q\000u\000e\000\040\000d\000e\000s\000\040\000h\000a\000l\000o\000s\000\040\000p\000o\000s\000t\000-\000e\000f\000f\000o\000n\000d\000r\000e\000m\000e\000n\000t}{chapter*.117}% 50
\BOOKMARK [0][-]{chapter*.120}{\376\377\000S\000i\000m\000u\000l\000a\000t\000i\000o\000n\000s\000\040\000C\000o\000s\000m\000o\000l\000o\000g\000i\000q\000u\000e\000s}{}% 51
\BOOKMARK [1][-]{section*.121}{\376\377\000D\000e\000\040\000l\000a\000\040\000d\000i\000s\000c\000r\000\351\000t\000i\000s\000a\000t\000i\000o\000n\000\040\000e\000t\000\040\000d\000e\000\040\000l\000a\000\040\000r\000\351\000s\000o\000l\000u\000t\000i\000o\000n}{chapter*.120}% 52
\BOOKMARK [1][-]{section*.122}{\376\377\000D\000y\000n\000a\000m\000i\000q\000u\000e\000\040\000N\000o\000n\000-\000C\000o\000l\000l\000i\000s\000i\000o\000n\000e\000l\000l\000e\000:\000\040\000M\000a\000t\000i\000\350\000r\000e\000\040\000N\000o\000i\000r\000e\000\040\000e\000t\000\040\000\351\000t\000o\000i\000l\000e\000s}{chapter*.120}% 53
\BOOKMARK [1][-]{section*.123}{\376\377\000H\000y\000d\000r\000o\000d\000y\000n\000a\000m\000i\000q\000u\000e}{chapter*.120}% 54
\BOOKMARK [1][-]{section*.124}{\376\377\000P\000r\000o\000c\000e\000s\000s\000u\000s\000\040\000P\000h\000y\000s\000i\000c\000o\000-\000C\000h\000i\000m\000i\000q\000u\000e\000s}{chapter*.120}% 55
\BOOKMARK [1][-]{section*.125}{\376\377\000F\000o\000r\000m\000a\000t\000i\000o\000n\000\040\000e\000t\000\040\000r\000\351\000t\000r\000o\000a\000c\000t\000i\000o\000n\000\040\000s\000t\000e\000l\000l\000a\000i\000r\000e}{chapter*.120}% 56
\BOOKMARK [0][-]{chapter*.126}{\376\377\000E\000n\000t\000r\000o\000p\000i\000e\000\040\000e\000t\000\040\000U\000n\000i\000v\000e\000r\000s}{}% 57
\BOOKMARK [1][-]{section*.127}{\376\377\000C\000o\000n\000f\000i\000g\000u\000r\000a\000t\000i\000o\000n\000s\000\040\000e\000t\000\040\000p\000r\000o\000b\000a\000b\000i\000l\000i\000t\000\351\000s}{chapter*.126}% 58
\BOOKMARK [1][-]{section*.128}{\376\377\000E\000n\000t\000r\000o\000p\000i\000e\000\040\000e\000t\000\040\000p\000e\000r\000c\000e\000p\000t\000i\000o\000n\000\040\000d\000u\000\040\000t\000e\000m\000p\000s}{chapter*.126}% 59
\BOOKMARK [1][-]{section*.129}{\376\377\000E\000n\000t\000r\000o\000p\000i\000e\000\040\000e\000t\000\040\000C\000o\000m\000p\000l\000e\000x\000i\000t\000\351}{chapter*.126}% 60
\BOOKMARK [1][-]{section*.130}{\376\377\000E\000n\000t\000r\000o\000p\000i\000e\000\040\000e\000t\000\040\000f\000o\000r\000m\000a\000t\000i\000o\000n\000\040\000d\000e\000s\000\040\000g\000r\000a\000n\000d\000e\000s\000\040\000s\000t\000r\000u\000c\000t\000u\000r\000e\000s}{chapter*.126}% 61
\BOOKMARK [1][-]{section*.131}{\376\377\000L\000e\000\040\000d\000\351\000f\000i\000\040\000d\000e\000\040\000l\000'\000e\000n\000t\000r\000o\000p\000i\000e\000\040\000a\000c\000t\000u\000e\000l\000l\000e}{chapter*.126}% 62
\BOOKMARK [0][-]{chapter*.132}{\376\377\000L\000'\000I\000n\000f\000l\000a\000t\000i\000o\000n}{}% 63
\BOOKMARK [1][-]{section*.133}{\376\377\000P\000o\000u\000r\000q\000u\000o\000i\000\040\000l\000'\000I\000n\000f\000l\000a\000t\000i\000o\000n\000\040\000?}{chapter*.132}% 64
\BOOKMARK [1][-]{section*.138}{\376\377\000M\000o\000d\000\350\000l\000e\000s\000\040\000d\000'\000I\000n\000f\000l\000a\000t\000i\000o\000n}{chapter*.132}% 65
\BOOKMARK [1][-]{section*.140}{\376\377\000Q\000u\000e\000l\000q\000u\000e\000s\000\040\000c\000o\000n\000t\000r\000a\000i\000n\000t\000e\000s}{chapter*.132}% 66
\BOOKMARK [0][-]{chapter*.141}{\376\377\000L\000a\000\040\000r\000\351\000i\000o\000n\000i\000s\000a\000t\000i\000o\000n}{}% 67
\BOOKMARK [1][-]{section*.142}{\376\377\000C\000h\000r\000o\000n\000o\000l\000o\000g\000i\000e\000\040\000d\000e\000\040\000l\000a\000\040\000R\000\351\000i\000o\000n\000i\000s\000a\000t\000i\000o\000n\000\040\000e\000t\000\040\000p\000r\000o\000p\000r\000i\000\351\000t\000\351\000s\000\040\000g\000l\000o\000b\000a\000l\000e\000s}{chapter*.141}% 68
\BOOKMARK [1][-]{section*.143}{\376\377\000L\000e\000s\000\040\000r\000\351\000g\000i\000o\000n\000s\000\040\000H\000I\000I}{chapter*.141}% 69
\BOOKMARK [1][-]{section*.144}{\376\377\000E\000l\000e\000m\000e\000n\000t\000s\000\040\000d\000e\000\040\000t\000r\000a\000n\000s\000f\000e\000r\000t\000\040\000r\000a\000d\000i\000a\000t\000i\000f}{chapter*.141}% 70
\BOOKMARK [1][-]{section*.145}{\376\377\000O\000b\000s\000e\000r\000v\000e\000r\000\040\000l\000a\000\040\000R\000\351\000i\000o\000n\000i\000s\000a\000t\000i\000o\000n\000\040\000d\000e\000\040\000l\000'\000U\000n\000i\000v\000e\000r\000s}{chapter*.141}% 71
\BOOKMARK [1][-]{section*.149}{\376\377\000R\000\351\000i\000o\000n\000i\000s\000a\000t\000i\000o\000n\000\040\000e\000t\000\040\000p\000h\000y\000s\000i\000q\000u\000e\000\040\000f\000o\000n\000d\000a\000m\000e\000n\000t\000a\000l\000e}{chapter*.141}% 72
\BOOKMARK [0][-]{chapter*.150}{\376\377\000B\000i\000b\000l\000i\000o\000g\000r\000a\000p\000h\000i\000e}{}% 73
\BOOKMARK [0][-]{chapter*.151}{\376\377\000I\000n\000d\000e\000x}{}% 74
